[2022-09-12T22:10:31.377+0000] {manager.py:480} INFO - Processing files using up to 2 processes at a time 
[2022-09-12T22:10:31.384+0000] {manager.py:481} INFO - Process each file at most once every 30 seconds
[2022-09-12T22:10:31.387+0000] {manager.py:483} INFO - Checking for new files in /opt/airflow/dags every 300 seconds
[2022-09-12T22:10:31.390+0000] {manager.py:709} INFO - Searching for files in /opt/airflow/dags
[2022-09-12T22:10:31.398+0000] {manager.py:712} INFO - There are 0 files in /opt/airflow/dags
[2022-09-12T22:15:32.185+0000] {manager.py:709} INFO - Searching for files in /opt/airflow/dags
[2022-09-12T22:15:32.192+0000] {manager.py:712} INFO - There are 0 files in /opt/airflow/dags
[2022-09-12T22:18:10.999+0000] {manager.py:462} INFO - Exiting gracefully upon receiving signal 15
[2022-09-13T06:13:58.477+0000] {manager.py:480} INFO - Processing files using up to 2 processes at a time 
[2022-09-13T06:13:58.492+0000] {manager.py:481} INFO - Process each file at most once every 30 seconds
[2022-09-13T06:13:58.493+0000] {manager.py:483} INFO - Checking for new files in /opt/airflow/dags every 300 seconds
[2022-09-13T06:13:58.497+0000] {manager.py:709} INFO - Searching for files in /opt/airflow/dags
[2022-09-13T06:13:58.502+0000] {manager.py:712} INFO - There are 0 files in /opt/airflow/dags
[2022-09-13T06:14:44.541+0000] {manager.py:462} INFO - Exiting gracefully upon receiving signal 15
[2022-09-16T22:32:06.312+0000] {manager.py:480} INFO - Processing files using up to 2 processes at a time 
[2022-09-16T22:32:06.326+0000] {manager.py:481} INFO - Process each file at most once every 30 seconds
[2022-09-16T22:32:06.330+0000] {manager.py:483} INFO - Checking for new files in /opt/airflow/dags every 300 seconds
[2022-09-16T22:32:06.332+0000] {manager.py:709} INFO - Searching for files in /opt/airflow/dags
[2022-09-16T22:32:06.341+0000] {manager.py:712} INFO - There are 0 files in /opt/airflow/dags
[2022-09-16T22:35:02.303+0000] {manager.py:462} INFO - Exiting gracefully upon receiving signal 15
[2022-09-16T22:38:20.300+0000] {manager.py:480} INFO - Processing files using up to 2 processes at a time 
[2022-09-16T22:38:20.303+0000] {manager.py:481} INFO - Process each file at most once every 30 seconds
[2022-09-16T22:38:20.306+0000] {manager.py:483} INFO - Checking for new files in /opt/airflow/dags every 300 seconds
[2022-09-16T22:38:20.310+0000] {manager.py:709} INFO - Searching for files in /opt/airflow/dags
[2022-09-16T22:38:20.324+0000] {manager.py:712} INFO - There are 1 files in /opt/airflow/dags
[2022-09-16T22:38:20.498+0000] {manager.py:828} INFO - 
================================================================================
DAG File Processing Stats

File Path                                      PID  Runtime      # DAGs    # Errors  Last Runtime    Last Run
-------------------------------------------  -----  ---------  --------  ----------  --------------  ----------
/opt/airflow/dags/data_ingestion_gcs_dag.py     49  0.11s             0           0
================================================================================
[2022-09-16T22:38:50.588+0000] {manager.py:828} INFO - 
================================================================================
DAG File Processing Stats

File Path                                      PID  Runtime      # DAGs    # Errors  Last Runtime    Last Run
-------------------------------------------  -----  ---------  --------  ----------  --------------  -------------------
/opt/airflow/dags/data_ingestion_gcs_dag.py     78  0.01s             0           1  0.18s           2022-09-16T22:38:20
================================================================================
[2022-09-16T22:39:20.679+0000] {manager.py:828} INFO - 
================================================================================
DAG File Processing Stats

File Path                                      PID  Runtime      # DAGs    # Errors  Last Runtime    Last Run
-------------------------------------------  -----  ---------  --------  ----------  --------------  -------------------
/opt/airflow/dags/data_ingestion_gcs_dag.py     97  0.01s             0           1  0.08s           2022-09-16T22:38:50
================================================================================
[2022-09-16T22:39:50.794+0000] {manager.py:828} INFO - 
================================================================================
DAG File Processing Stats

File Path                                    PID    Runtime      # DAGs    # Errors  Last Runtime    Last Run
-------------------------------------------  -----  ---------  --------  ----------  --------------  -------------------
/opt/airflow/dags/data_ingestion_gcs_dag.py                           0           1  0.07s           2022-09-16T22:39:35
================================================================================
[2022-09-16T22:40:20.880+0000] {manager.py:828} INFO - 
================================================================================
DAG File Processing Stats

File Path                                    PID    Runtime      # DAGs    # Errors  Last Runtime    Last Run
-------------------------------------------  -----  ---------  --------  ----------  --------------  -------------------
/opt/airflow/dags/data_ingestion_gcs_dag.py                           0           1  0.08s           2022-09-16T22:40:05
================================================================================
[2022-09-16T22:40:50.994+0000] {manager.py:828} INFO - 
================================================================================
DAG File Processing Stats

File Path                                    PID    Runtime      # DAGs    # Errors  Last Runtime    Last Run
-------------------------------------------  -----  ---------  --------  ----------  --------------  -------------------
/opt/airflow/dags/data_ingestion_gcs_dag.py                           0           1  1.15s           2022-09-16T22:40:24
================================================================================
[2022-09-16T22:41:21.188+0000] {manager.py:828} INFO - 
================================================================================
DAG File Processing Stats

File Path                                    PID    Runtime      # DAGs    # Errors  Last Runtime    Last Run
-------------------------------------------  -----  ---------  --------  ----------  --------------  -------------------
/opt/airflow/dags/data_ingestion_gcs_dag.py                           0           1  0.79s           2022-09-16T22:40:54
================================================================================
[2022-09-16T22:41:51.270+0000] {manager.py:828} INFO - 
================================================================================
DAG File Processing Stats

File Path                                    PID    Runtime      # DAGs    # Errors  Last Runtime    Last Run
-------------------------------------------  -----  ---------  --------  ----------  --------------  -------------------
/opt/airflow/dags/data_ingestion_gcs_dag.py                           0           1  1.05s           2022-09-16T22:41:28
================================================================================
[2022-09-16T22:42:21.282+0000] {manager.py:828} INFO - 
================================================================================
DAG File Processing Stats

File Path                                    PID    Runtime      # DAGs    # Errors  Last Runtime    Last Run
-------------------------------------------  -----  ---------  --------  ----------  --------------  -------------------
/opt/airflow/dags/data_ingestion_gcs_dag.py                           1           0  1.16s           2022-09-16T22:42:04
================================================================================
[2022-09-16T22:42:51.338+0000] {manager.py:828} INFO - 
================================================================================
DAG File Processing Stats

File Path                                    PID    Runtime      # DAGs    # Errors  Last Runtime    Last Run
-------------------------------------------  -----  ---------  --------  ----------  --------------  -------------------
/opt/airflow/dags/data_ingestion_gcs_dag.py                           1           0  1.07s           2022-09-16T22:42:35
================================================================================
[2022-09-16T22:43:20.400+0000] {manager.py:709} INFO - Searching for files in /opt/airflow/dags
[2022-09-16T22:43:20.410+0000] {manager.py:712} INFO - There are 1 files in /opt/airflow/dags
[2022-09-16T22:43:21.431+0000] {manager.py:828} INFO - 
================================================================================
DAG File Processing Stats

File Path                                    PID    Runtime      # DAGs    # Errors  Last Runtime    Last Run
-------------------------------------------  -----  ---------  --------  ----------  --------------  -------------------
/opt/airflow/dags/data_ingestion_gcs_dag.py                           1           0  0.98s           2022-09-16T22:43:06
================================================================================
[2022-09-16T22:43:51.523+0000] {manager.py:828} INFO - 
================================================================================
DAG File Processing Stats

File Path                                    PID    Runtime      # DAGs    # Errors  Last Runtime    Last Run
-------------------------------------------  -----  ---------  --------  ----------  --------------  -------------------
/opt/airflow/dags/data_ingestion_gcs_dag.py                           1           0  1.04s           2022-09-16T22:43:37
================================================================================
[2022-09-16T22:44:21.606+0000] {manager.py:828} INFO - 
================================================================================
DAG File Processing Stats

File Path                                    PID    Runtime      # DAGs    # Errors  Last Runtime    Last Run
-------------------------------------------  -----  ---------  --------  ----------  --------------  -------------------
/opt/airflow/dags/data_ingestion_gcs_dag.py                           1           0  1.18s           2022-09-16T22:44:08
================================================================================
[2022-09-16T22:44:51.687+0000] {manager.py:828} INFO - 
================================================================================
DAG File Processing Stats

File Path                                    PID    Runtime      # DAGs    # Errors  Last Runtime    Last Run
-------------------------------------------  -----  ---------  --------  ----------  --------------  -------------------
/opt/airflow/dags/data_ingestion_gcs_dag.py                           1           0  0.87s           2022-09-16T22:44:39
================================================================================
[2022-09-16T22:45:21.721+0000] {manager.py:828} INFO - 
================================================================================
DAG File Processing Stats

File Path                                    PID    Runtime      # DAGs    # Errors  Last Runtime    Last Run
-------------------------------------------  -----  ---------  --------  ----------  --------------  -------------------
/opt/airflow/dags/data_ingestion_gcs_dag.py                           1           0  0.97s           2022-09-16T22:45:10
================================================================================
[2022-09-16T22:45:51.726+0000] {manager.py:828} INFO - 
================================================================================
DAG File Processing Stats

File Path                                    PID    Runtime      # DAGs    # Errors  Last Runtime    Last Run
-------------------------------------------  -----  ---------  --------  ----------  --------------  -------------------
/opt/airflow/dags/data_ingestion_gcs_dag.py                           1           0  0.93s           2022-09-16T22:45:41
================================================================================
[2022-09-16T22:46:21.712+0000] {manager.py:828} INFO - 
================================================================================
DAG File Processing Stats

File Path                                    PID    Runtime      # DAGs    # Errors  Last Runtime    Last Run
-------------------------------------------  -----  ---------  --------  ----------  --------------  -------------------
/opt/airflow/dags/data_ingestion_gcs_dag.py                           1           0  0.92s           2022-09-16T22:46:12
================================================================================
[2022-09-16T22:46:51.786+0000] {manager.py:828} INFO - 
================================================================================
DAG File Processing Stats

File Path                                    PID    Runtime      # DAGs    # Errors  Last Runtime    Last Run
-------------------------------------------  -----  ---------  --------  ----------  --------------  -------------------
/opt/airflow/dags/data_ingestion_gcs_dag.py                           1           0  1.01s           2022-09-16T22:46:43
================================================================================
[2022-09-16T22:47:21.952+0000] {manager.py:828} INFO - 
================================================================================
DAG File Processing Stats

File Path                                    PID    Runtime      # DAGs    # Errors  Last Runtime    Last Run
-------------------------------------------  -----  ---------  --------  ----------  --------------  -------------------
/opt/airflow/dags/data_ingestion_gcs_dag.py                           1           0  1.20s           2022-09-16T22:47:15
================================================================================
[2022-09-16T22:47:52.146+0000] {manager.py:828} INFO - 
================================================================================
DAG File Processing Stats

File Path                                    PID    Runtime      # DAGs    # Errors  Last Runtime    Last Run
-------------------------------------------  -----  ---------  --------  ----------  --------------  -------------------
/opt/airflow/dags/data_ingestion_gcs_dag.py                           1           0  1.12s           2022-09-16T22:47:46
================================================================================
[2022-09-16T22:48:21.175+0000] {manager.py:709} INFO - Searching for files in /opt/airflow/dags
[2022-09-16T22:48:21.184+0000] {manager.py:712} INFO - There are 1 files in /opt/airflow/dags
[2022-09-16T22:48:22.202+0000] {manager.py:828} INFO - 
================================================================================
DAG File Processing Stats

File Path                                    PID    Runtime      # DAGs    # Errors  Last Runtime    Last Run
-------------------------------------------  -----  ---------  --------  ----------  --------------  -------------------
/opt/airflow/dags/data_ingestion_gcs_dag.py                           1           0  0.88s           2022-09-16T22:48:17
================================================================================
[2022-09-16T22:48:52.276+0000] {manager.py:828} INFO - 
================================================================================
DAG File Processing Stats

File Path                                    PID    Runtime      # DAGs    # Errors  Last Runtime    Last Run
-------------------------------------------  -----  ---------  --------  ----------  --------------  -------------------
/opt/airflow/dags/data_ingestion_gcs_dag.py                           1           0  1.08s           2022-09-16T22:48:48
================================================================================
[2022-09-16T22:49:22.300+0000] {manager.py:828} INFO - 
================================================================================
DAG File Processing Stats

File Path                                    PID    Runtime      # DAGs    # Errors  Last Runtime    Last Run
-------------------------------------------  -----  ---------  --------  ----------  --------------  -------------------
/opt/airflow/dags/data_ingestion_gcs_dag.py                           1           0  0.91s           2022-09-16T22:49:19
================================================================================
[2022-09-16T22:49:52.440+0000] {manager.py:828} INFO - 
================================================================================
DAG File Processing Stats

File Path                                    PID    Runtime      # DAGs    # Errors  Last Runtime    Last Run
-------------------------------------------  -----  ---------  --------  ----------  --------------  -------------------
/opt/airflow/dags/data_ingestion_gcs_dag.py                           1           0  0.88s           2022-09-16T22:49:50
================================================================================
[2022-09-16T22:50:22.494+0000] {manager.py:828} INFO - 
================================================================================
DAG File Processing Stats

File Path                                    PID    Runtime      # DAGs    # Errors  Last Runtime    Last Run
-------------------------------------------  -----  ---------  --------  ----------  --------------  -------------------
/opt/airflow/dags/data_ingestion_gcs_dag.py                           1           0  0.95s           2022-09-16T22:50:21
================================================================================
[2022-09-16T22:50:52.542+0000] {manager.py:828} INFO - 
================================================================================
DAG File Processing Stats

File Path                                    PID    Runtime      # DAGs    # Errors  Last Runtime    Last Run
-------------------------------------------  -----  ---------  --------  ----------  --------------  -------------------
/opt/airflow/dags/data_ingestion_gcs_dag.py                           1           0  0.87s           2022-09-16T22:50:52
================================================================================
[2022-09-16T22:51:22.607+0000] {manager.py:828} INFO - 
================================================================================
DAG File Processing Stats

File Path                                      PID  Runtime      # DAGs    # Errors  Last Runtime    Last Run
-------------------------------------------  -----  ---------  --------  ----------  --------------  -------------------
/opt/airflow/dags/data_ingestion_gcs_dag.py    718  0.36s             1           0  0.87s           2022-09-16T22:50:52
================================================================================
[2022-09-16T22:51:53.320+0000] {manager.py:828} INFO - 
================================================================================
DAG File Processing Stats

File Path                                    PID    Runtime      # DAGs    # Errors  Last Runtime    Last Run
-------------------------------------------  -----  ---------  --------  ----------  --------------  -------------------
/opt/airflow/dags/data_ingestion_gcs_dag.py                           1           0  1.12s           2022-09-16T22:51:23
================================================================================
[2022-09-16T22:52:23.397+0000] {manager.py:828} INFO - 
================================================================================
DAG File Processing Stats

File Path                                    PID    Runtime      # DAGs    # Errors  Last Runtime    Last Run
-------------------------------------------  -----  ---------  --------  ----------  --------------  -------------------
/opt/airflow/dags/data_ingestion_gcs_dag.py                           1           0  0.95s           2022-09-16T22:51:54
================================================================================
[2022-09-16T22:52:53.438+0000] {manager.py:828} INFO - 
================================================================================
DAG File Processing Stats

File Path                                    PID    Runtime      # DAGs    # Errors  Last Runtime    Last Run
-------------------------------------------  -----  ---------  --------  ----------  --------------  -------------------
/opt/airflow/dags/data_ingestion_gcs_dag.py                           1           0  0.98s           2022-09-16T22:52:25
================================================================================
[2022-09-16T22:53:21.459+0000] {manager.py:709} INFO - Searching for files in /opt/airflow/dags
[2022-09-16T22:53:21.467+0000] {manager.py:712} INFO - There are 1 files in /opt/airflow/dags
[2022-09-16T22:53:23.491+0000] {manager.py:828} INFO - 
================================================================================
DAG File Processing Stats

File Path                                    PID    Runtime      # DAGs    # Errors  Last Runtime    Last Run
-------------------------------------------  -----  ---------  --------  ----------  --------------  -------------------
/opt/airflow/dags/data_ingestion_gcs_dag.py                           1           0  0.94s           2022-09-16T22:52:56
================================================================================
[2022-09-16T22:53:53.559+0000] {manager.py:828} INFO - 
================================================================================
DAG File Processing Stats

File Path                                    PID    Runtime      # DAGs    # Errors  Last Runtime    Last Run
-------------------------------------------  -----  ---------  --------  ----------  --------------  -------------------
/opt/airflow/dags/data_ingestion_gcs_dag.py                           1           0  0.87s           2022-09-16T22:53:27
================================================================================
[2022-09-16T22:54:23.629+0000] {manager.py:828} INFO - 
================================================================================
DAG File Processing Stats

File Path                                    PID    Runtime      # DAGs    # Errors  Last Runtime    Last Run
-------------------------------------------  -----  ---------  --------  ----------  --------------  -------------------
/opt/airflow/dags/data_ingestion_gcs_dag.py                           1           0  0.90s           2022-09-16T22:53:58
================================================================================
[2022-09-16T22:54:53.689+0000] {manager.py:828} INFO - 
================================================================================
DAG File Processing Stats

File Path                                    PID    Runtime      # DAGs    # Errors  Last Runtime    Last Run
-------------------------------------------  -----  ---------  --------  ----------  --------------  -------------------
/opt/airflow/dags/data_ingestion_gcs_dag.py                           1           0  0.98s           2022-09-16T22:54:29
================================================================================
[2022-09-16T22:55:23.773+0000] {manager.py:828} INFO - 
================================================================================
DAG File Processing Stats

File Path                                    PID    Runtime      # DAGs    # Errors  Last Runtime    Last Run
-------------------------------------------  -----  ---------  --------  ----------  --------------  -------------------
/opt/airflow/dags/data_ingestion_gcs_dag.py                           1           0  0.89s           2022-09-16T22:55:00
================================================================================
[2022-09-16T22:55:53.825+0000] {manager.py:828} INFO - 
================================================================================
DAG File Processing Stats

File Path                                    PID    Runtime      # DAGs    # Errors  Last Runtime    Last Run
-------------------------------------------  -----  ---------  --------  ----------  --------------  -------------------
/opt/airflow/dags/data_ingestion_gcs_dag.py                           1           0  0.89s           2022-09-16T22:55:31
================================================================================
[2022-09-16T22:56:23.886+0000] {manager.py:828} INFO - 
================================================================================
DAG File Processing Stats

File Path                                    PID    Runtime      # DAGs    # Errors  Last Runtime    Last Run
-------------------------------------------  -----  ---------  --------  ----------  --------------  -------------------
/opt/airflow/dags/data_ingestion_gcs_dag.py                           1           0  0.94s           2022-09-16T22:56:02
================================================================================
[2022-09-16T22:56:32.188+0000] {manager.py:462} INFO - Exiting gracefully upon receiving signal 15
[2022-09-16T22:57:52.794+0000] {manager.py:480} INFO - Processing files using up to 2 processes at a time 
[2022-09-16T22:57:52.801+0000] {manager.py:481} INFO - Process each file at most once every 30 seconds
[2022-09-16T22:57:52.804+0000] {manager.py:483} INFO - Checking for new files in /opt/airflow/dags every 300 seconds
[2022-09-16T22:57:52.811+0000] {manager.py:709} INFO - Searching for files in /opt/airflow/dags
[2022-09-16T22:57:52.890+0000] {manager.py:712} INFO - There are 1 files in /opt/airflow/dags
[2022-09-16T22:57:52.992+0000] {manager.py:828} INFO - 
================================================================================
DAG File Processing Stats

File Path                                      PID  Runtime      # DAGs    # Errors  Last Runtime    Last Run
-------------------------------------------  -----  ---------  --------  ----------  --------------  ----------
/opt/airflow/dags/data_ingestion_gcs_dag.py     46  0.02s             0           0
================================================================================
[2022-09-16T22:58:23.038+0000] {manager.py:828} INFO - 
================================================================================
DAG File Processing Stats

File Path                                    PID    Runtime      # DAGs    # Errors  Last Runtime    Last Run
-------------------------------------------  -----  ---------  --------  ----------  --------------  -------------------
/opt/airflow/dags/data_ingestion_gcs_dag.py                           1           0  3.03s           2022-09-16T22:57:55
================================================================================
[2022-09-16T22:58:53.118+0000] {manager.py:828} INFO - 
================================================================================
DAG File Processing Stats

File Path                                    PID    Runtime      # DAGs    # Errors  Last Runtime    Last Run
-------------------------------------------  -----  ---------  --------  ----------  --------------  -------------------
/opt/airflow/dags/data_ingestion_gcs_dag.py                           1           0  0.90s           2022-09-16T22:58:26
================================================================================
[2022-09-16T22:59:23.171+0000] {manager.py:828} INFO - 
================================================================================
DAG File Processing Stats

File Path                                    PID    Runtime      # DAGs    # Errors  Last Runtime    Last Run
-------------------------------------------  -----  ---------  --------  ----------  --------------  -------------------
/opt/airflow/dags/data_ingestion_gcs_dag.py                           1           0  0.91s           2022-09-16T22:58:57
================================================================================
[2022-09-16T22:59:53.219+0000] {manager.py:828} INFO - 
================================================================================
DAG File Processing Stats

File Path                                    PID    Runtime      # DAGs    # Errors  Last Runtime    Last Run
-------------------------------------------  -----  ---------  --------  ----------  --------------  -------------------
/opt/airflow/dags/data_ingestion_gcs_dag.py                           1           0  0.88s           2022-09-16T22:59:28
================================================================================
[2022-09-16T23:00:23.301+0000] {manager.py:828} INFO - 
================================================================================
DAG File Processing Stats

File Path                                    PID    Runtime      # DAGs    # Errors  Last Runtime    Last Run
-------------------------------------------  -----  ---------  --------  ----------  --------------  -------------------
/opt/airflow/dags/data_ingestion_gcs_dag.py                           1           0  1.75s           2022-09-16T23:00:00
================================================================================
[2022-09-16T23:00:53.354+0000] {manager.py:828} INFO - 
================================================================================
DAG File Processing Stats

File Path                                    PID    Runtime      # DAGs    # Errors  Last Runtime    Last Run
-------------------------------------------  -----  ---------  --------  ----------  --------------  -------------------
/opt/airflow/dags/data_ingestion_gcs_dag.py                           1           0  0.91s           2022-09-16T23:00:31
================================================================================
[2022-09-16T23:01:23.424+0000] {manager.py:828} INFO - 
================================================================================
DAG File Processing Stats

File Path                                    PID    Runtime      # DAGs    # Errors  Last Runtime    Last Run
-------------------------------------------  -----  ---------  --------  ----------  --------------  -------------------
/opt/airflow/dags/data_ingestion_gcs_dag.py                           1           0  0.90s           2022-09-16T23:01:02
================================================================================
[2022-09-16T23:01:53.803+0000] {manager.py:828} INFO - 
================================================================================
DAG File Processing Stats

File Path                                    PID    Runtime      # DAGs    # Errors  Last Runtime    Last Run
-------------------------------------------  -----  ---------  --------  ----------  --------------  -------------------
/opt/airflow/dags/data_ingestion_gcs_dag.py                           1           0  1.52s           2022-09-16T23:01:34
================================================================================
[2022-09-16T23:02:23.848+0000] {manager.py:828} INFO - 
================================================================================
DAG File Processing Stats

File Path                                    PID    Runtime      # DAGs    # Errors  Last Runtime    Last Run
-------------------------------------------  -----  ---------  --------  ----------  --------------  -------------------
/opt/airflow/dags/data_ingestion_gcs_dag.py                           1           0  0.95s           2022-09-16T23:02:05
================================================================================
[2022-09-16T23:02:52.910+0000] {manager.py:709} INFO - Searching for files in /opt/airflow/dags
[2022-09-16T23:02:52.931+0000] {manager.py:712} INFO - There are 1 files in /opt/airflow/dags
[2022-09-16T23:02:53.950+0000] {manager.py:828} INFO - 
================================================================================
DAG File Processing Stats

File Path                                    PID    Runtime      # DAGs    # Errors  Last Runtime    Last Run
-------------------------------------------  -----  ---------  --------  ----------  --------------  -------------------
/opt/airflow/dags/data_ingestion_gcs_dag.py                           1           0  1.00s           2022-09-16T23:02:36
================================================================================
[2022-09-16T23:03:24.013+0000] {manager.py:828} INFO - 
================================================================================
DAG File Processing Stats

File Path                                    PID    Runtime      # DAGs    # Errors  Last Runtime    Last Run
-------------------------------------------  -----  ---------  --------  ----------  --------------  -------------------
/opt/airflow/dags/data_ingestion_gcs_dag.py                           1           0  1.00s           2022-09-16T23:03:07
================================================================================
[2022-09-16T23:03:54.094+0000] {manager.py:828} INFO - 
================================================================================
DAG File Processing Stats

File Path                                    PID    Runtime      # DAGs    # Errors  Last Runtime    Last Run
-------------------------------------------  -----  ---------  --------  ----------  --------------  -------------------
/opt/airflow/dags/data_ingestion_gcs_dag.py                           1           0  0.92s           2022-09-16T23:03:38
================================================================================
[2022-09-16T23:04:24.160+0000] {manager.py:828} INFO - 
================================================================================
DAG File Processing Stats

File Path                                    PID    Runtime      # DAGs    # Errors  Last Runtime    Last Run
-------------------------------------------  -----  ---------  --------  ----------  --------------  -------------------
/opt/airflow/dags/data_ingestion_gcs_dag.py                           1           0  0.89s           2022-09-16T23:04:09
================================================================================
[2022-09-16T23:04:54.396+0000] {manager.py:828} INFO - 
================================================================================
DAG File Processing Stats

File Path                                    PID    Runtime      # DAGs    # Errors  Last Runtime    Last Run
-------------------------------------------  -----  ---------  --------  ----------  --------------  -------------------
/opt/airflow/dags/data_ingestion_gcs_dag.py                           1           0  1.03s           2022-09-16T23:04:40
================================================================================
[2022-09-16T23:05:24.473+0000] {manager.py:828} INFO - 
================================================================================
DAG File Processing Stats

File Path                                    PID    Runtime      # DAGs    # Errors  Last Runtime    Last Run
-------------------------------------------  -----  ---------  --------  ----------  --------------  -------------------
/opt/airflow/dags/data_ingestion_gcs_dag.py                           1           0  1.11s           2022-09-16T23:05:11
================================================================================
[2022-09-16T23:05:54.550+0000] {manager.py:828} INFO - 
================================================================================
DAG File Processing Stats

File Path                                    PID    Runtime      # DAGs    # Errors  Last Runtime    Last Run
-------------------------------------------  -----  ---------  --------  ----------  --------------  -------------------
/opt/airflow/dags/data_ingestion_gcs_dag.py                           1           0  0.93s           2022-09-16T23:05:42
================================================================================
[2022-09-16T23:06:24.625+0000] {manager.py:828} INFO - 
================================================================================
DAG File Processing Stats

File Path                                    PID    Runtime      # DAGs    # Errors  Last Runtime    Last Run
-------------------------------------------  -----  ---------  --------  ----------  --------------  -------------------
/opt/airflow/dags/data_ingestion_gcs_dag.py                           1           0  1.08s           2022-09-16T23:06:13
================================================================================
[2022-09-16T23:06:34.261+0000] {manager.py:462} INFO - Exiting gracefully upon receiving signal 15
[2022-09-16T23:07:48.793+0000] {manager.py:480} INFO - Processing files using up to 2 processes at a time 
[2022-09-16T23:07:48.796+0000] {manager.py:481} INFO - Process each file at most once every 30 seconds
[2022-09-16T23:07:48.798+0000] {manager.py:483} INFO - Checking for new files in /opt/airflow/dags every 300 seconds
[2022-09-16T23:07:48.800+0000] {manager.py:709} INFO - Searching for files in /opt/airflow/dags
[2022-09-16T23:07:48.828+0000] {manager.py:712} INFO - There are 1 files in /opt/airflow/dags
[2022-09-16T23:07:48.908+0000] {manager.py:828} INFO - 
================================================================================
DAG File Processing Stats

File Path                                      PID  Runtime      # DAGs    # Errors  Last Runtime    Last Run
-------------------------------------------  -----  ---------  --------  ----------  --------------  ----------
/opt/airflow/dags/data_ingestion_gcs_dag.py     47  0.03s             0           0
================================================================================
[2022-09-16T23:08:18.984+0000] {manager.py:828} INFO - 
================================================================================
DAG File Processing Stats

File Path                                    PID    Runtime      # DAGs    # Errors  Last Runtime    Last Run
-------------------------------------------  -----  ---------  --------  ----------  --------------  -------------------
/opt/airflow/dags/data_ingestion_gcs_dag.py                           1           0  1.22s           2022-09-16T23:07:50
================================================================================
[2022-09-16T23:08:49.076+0000] {manager.py:828} INFO - 
================================================================================
DAG File Processing Stats

File Path                                    PID    Runtime      # DAGs    # Errors  Last Runtime    Last Run
-------------------------------------------  -----  ---------  --------  ----------  --------------  -------------------
/opt/airflow/dags/data_ingestion_gcs_dag.py                           1           0  0.95s           2022-09-16T23:08:21
================================================================================
[2022-09-16T23:09:19.151+0000] {manager.py:828} INFO - 
================================================================================
DAG File Processing Stats

File Path                                    PID    Runtime      # DAGs    # Errors  Last Runtime    Last Run
-------------------------------------------  -----  ---------  --------  ----------  --------------  -------------------
/opt/airflow/dags/data_ingestion_gcs_dag.py                           1           0  0.89s           2022-09-16T23:08:51
================================================================================
[2022-09-16T23:09:49.203+0000] {manager.py:828} INFO - 
================================================================================
DAG File Processing Stats

File Path                                    PID    Runtime      # DAGs    # Errors  Last Runtime    Last Run
-------------------------------------------  -----  ---------  --------  ----------  --------------  -------------------
/opt/airflow/dags/data_ingestion_gcs_dag.py                           1           0  0.87s           2022-09-16T23:09:22
================================================================================
[2022-09-16T23:10:19.254+0000] {manager.py:828} INFO - 
================================================================================
DAG File Processing Stats

File Path                                    PID    Runtime      # DAGs    # Errors  Last Runtime    Last Run
-------------------------------------------  -----  ---------  --------  ----------  --------------  -------------------
/opt/airflow/dags/data_ingestion_gcs_dag.py                           1           0  0.95s           2022-09-16T23:09:53
================================================================================
[2022-09-16T23:10:49.310+0000] {manager.py:828} INFO - 
================================================================================
DAG File Processing Stats

File Path                                    PID    Runtime      # DAGs    # Errors  Last Runtime    Last Run
-------------------------------------------  -----  ---------  --------  ----------  --------------  -------------------
/opt/airflow/dags/data_ingestion_gcs_dag.py                           1           0  0.92s           2022-09-16T23:10:24
================================================================================
[2022-09-16T23:11:19.353+0000] {manager.py:828} INFO - 
================================================================================
DAG File Processing Stats

File Path                                    PID    Runtime      # DAGs    # Errors  Last Runtime    Last Run
-------------------------------------------  -----  ---------  --------  ----------  --------------  -------------------
/opt/airflow/dags/data_ingestion_gcs_dag.py                           1           0  0.90s           2022-09-16T23:10:55
================================================================================
[2022-09-16T23:11:49.399+0000] {manager.py:828} INFO - 
================================================================================
DAG File Processing Stats

File Path                                    PID    Runtime      # DAGs    # Errors  Last Runtime    Last Run
-------------------------------------------  -----  ---------  --------  ----------  --------------  -------------------
/opt/airflow/dags/data_ingestion_gcs_dag.py                           1           0  0.95s           2022-09-16T23:11:26
================================================================================
[2022-09-16T23:12:20.099+0000] {manager.py:828} INFO - 
================================================================================
DAG File Processing Stats

File Path                                    PID    Runtime      # DAGs    # Errors  Last Runtime    Last Run
-------------------------------------------  -----  ---------  --------  ----------  --------------  -------------------
/opt/airflow/dags/data_ingestion_gcs_dag.py                           1           0  1.18s           2022-09-16T23:11:58
================================================================================
[2022-09-16T23:12:22.449+0000] {manager.py:462} INFO - Exiting gracefully upon receiving signal 15
[2022-09-16T23:13:30.986+0000] {manager.py:480} INFO - Processing files using up to 2 processes at a time 
[2022-09-16T23:13:30.989+0000] {manager.py:481} INFO - Process each file at most once every 30 seconds
[2022-09-16T23:13:30.993+0000] {manager.py:483} INFO - Checking for new files in /opt/airflow/dags every 300 seconds
[2022-09-16T23:13:30.996+0000] {manager.py:709} INFO - Searching for files in /opt/airflow/dags
[2022-09-16T23:13:31.043+0000] {manager.py:712} INFO - There are 1 files in /opt/airflow/dags
[2022-09-16T23:13:31.229+0000] {manager.py:828} INFO - 
================================================================================
DAG File Processing Stats

File Path                                      PID  Runtime      # DAGs    # Errors  Last Runtime    Last Run
-------------------------------------------  -----  ---------  --------  ----------  --------------  ----------
/opt/airflow/dags/data_ingestion_gcs_dag.py     46  0.05s             0           0
================================================================================
[2022-09-16T23:14:01.285+0000] {manager.py:828} INFO - 
================================================================================
DAG File Processing Stats

File Path                                    PID    Runtime      # DAGs    # Errors  Last Runtime    Last Run
-------------------------------------------  -----  ---------  --------  ----------  --------------  -------------------
/opt/airflow/dags/data_ingestion_gcs_dag.py                           1           0  1.23s           2022-09-16T23:13:32
================================================================================
[2022-09-16T23:14:31.495+0000] {manager.py:828} INFO - 
================================================================================
DAG File Processing Stats

File Path                                    PID    Runtime      # DAGs    # Errors  Last Runtime    Last Run
-------------------------------------------  -----  ---------  --------  ----------  --------------  -------------------
/opt/airflow/dags/data_ingestion_gcs_dag.py                           1           0  1.06s           2022-09-16T23:14:03
================================================================================
[2022-09-16T23:15:01.573+0000] {manager.py:828} INFO - 
================================================================================
DAG File Processing Stats

File Path                                    PID    Runtime      # DAGs    # Errors  Last Runtime    Last Run
-------------------------------------------  -----  ---------  --------  ----------  --------------  -------------------
/opt/airflow/dags/data_ingestion_gcs_dag.py                           1           0  0.90s           2022-09-16T23:14:34
================================================================================
[2022-09-16T23:15:32.486+0000] {manager.py:828} INFO - 
================================================================================
DAG File Processing Stats

File Path                                    PID    Runtime      # DAGs    # Errors  Last Runtime    Last Run
-------------------------------------------  -----  ---------  --------  ----------  --------------  -------------------
/opt/airflow/dags/data_ingestion_gcs_dag.py                           1           0  1.07s           2022-09-16T23:15:17
================================================================================
[2022-09-16T23:16:02.595+0000] {manager.py:828} INFO - 
================================================================================
DAG File Processing Stats

File Path                                    PID    Runtime      # DAGs    # Errors  Last Runtime    Last Run
-------------------------------------------  -----  ---------  --------  ----------  --------------  -------------------
/opt/airflow/dags/data_ingestion_gcs_dag.py                           1           0  1.03s           2022-09-16T23:15:48
================================================================================
[2022-09-16T23:16:32.676+0000] {manager.py:828} INFO - 
================================================================================
DAG File Processing Stats

File Path                                    PID    Runtime      # DAGs    # Errors  Last Runtime    Last Run
-------------------------------------------  -----  ---------  --------  ----------  --------------  -------------------
/opt/airflow/dags/data_ingestion_gcs_dag.py                           1           0  1.36s           2022-09-16T23:16:20
================================================================================
[2022-09-16T23:17:02.741+0000] {manager.py:828} INFO - 
================================================================================
DAG File Processing Stats

File Path                                    PID    Runtime      # DAGs    # Errors  Last Runtime    Last Run
-------------------------------------------  -----  ---------  --------  ----------  --------------  -------------------
/opt/airflow/dags/data_ingestion_gcs_dag.py                           1           0  0.89s           2022-09-16T23:16:50
================================================================================
[2022-09-16T23:17:32.814+0000] {manager.py:828} INFO - 
================================================================================
DAG File Processing Stats

File Path                                    PID    Runtime      # DAGs    # Errors  Last Runtime    Last Run
-------------------------------------------  -----  ---------  --------  ----------  --------------  -------------------
/opt/airflow/dags/data_ingestion_gcs_dag.py                           1           0  0.90s           2022-09-16T23:17:21
================================================================================
[2022-09-16T23:18:02.879+0000] {manager.py:828} INFO - 
================================================================================
DAG File Processing Stats

File Path                                    PID    Runtime      # DAGs    # Errors  Last Runtime    Last Run
-------------------------------------------  -----  ---------  --------  ----------  --------------  -------------------
/opt/airflow/dags/data_ingestion_gcs_dag.py                           1           0  0.87s           2022-09-16T23:17:52
================================================================================
[2022-09-16T23:18:31.059+0000] {manager.py:709} INFO - Searching for files in /opt/airflow/dags
[2022-09-16T23:18:31.071+0000] {manager.py:712} INFO - There are 1 files in /opt/airflow/dags
[2022-09-16T23:18:32.893+0000] {manager.py:828} INFO - 
================================================================================
DAG File Processing Stats

File Path                                    PID    Runtime      # DAGs    # Errors  Last Runtime    Last Run
-------------------------------------------  -----  ---------  --------  ----------  --------------  -------------------
/opt/airflow/dags/data_ingestion_gcs_dag.py                           1           0  0.93s           2022-09-16T23:18:23
================================================================================
[2022-09-16T23:19:03.019+0000] {manager.py:828} INFO - 
================================================================================
DAG File Processing Stats

File Path                                    PID    Runtime      # DAGs    # Errors  Last Runtime    Last Run
-------------------------------------------  -----  ---------  --------  ----------  --------------  -------------------
/opt/airflow/dags/data_ingestion_gcs_dag.py                           1           0  1.07s           2022-09-16T23:18:55
================================================================================
[2022-09-16T23:19:33.109+0000] {manager.py:828} INFO - 
================================================================================
DAG File Processing Stats

File Path                                    PID    Runtime      # DAGs    # Errors  Last Runtime    Last Run
-------------------------------------------  -----  ---------  --------  ----------  --------------  -------------------
/opt/airflow/dags/data_ingestion_gcs_dag.py                           1           0  0.88s           2022-09-16T23:19:25
================================================================================
[2022-09-16T23:20:03.158+0000] {manager.py:828} INFO - 
================================================================================
DAG File Processing Stats

File Path                                    PID    Runtime      # DAGs    # Errors  Last Runtime    Last Run
-------------------------------------------  -----  ---------  --------  ----------  --------------  -------------------
/opt/airflow/dags/data_ingestion_gcs_dag.py                           1           0  0.89s           2022-09-16T23:19:56
================================================================================
[2022-09-16T23:20:33.182+0000] {manager.py:828} INFO - 
================================================================================
DAG File Processing Stats

File Path                                    PID    Runtime      # DAGs    # Errors  Last Runtime    Last Run
-------------------------------------------  -----  ---------  --------  ----------  --------------  -------------------
/opt/airflow/dags/data_ingestion_gcs_dag.py                           1           0  1.15s           2022-09-16T23:20:28
================================================================================
[2022-09-16T23:21:03.226+0000] {manager.py:828} INFO - 
================================================================================
DAG File Processing Stats

File Path                                    PID    Runtime      # DAGs    # Errors  Last Runtime    Last Run
-------------------------------------------  -----  ---------  --------  ----------  --------------  -------------------
/opt/airflow/dags/data_ingestion_gcs_dag.py                           1           0  0.86s           2022-09-16T23:20:59
================================================================================
[2022-09-16T23:21:33.288+0000] {manager.py:828} INFO - 
================================================================================
DAG File Processing Stats

File Path                                    PID    Runtime      # DAGs    # Errors  Last Runtime    Last Run
-------------------------------------------  -----  ---------  --------  ----------  --------------  -------------------
/opt/airflow/dags/data_ingestion_gcs_dag.py                           1           0  0.92s           2022-09-16T23:21:30
================================================================================
[2022-09-16T23:22:04.166+0000] {manager.py:828} INFO - 
================================================================================
DAG File Processing Stats

File Path                                    PID    Runtime      # DAGs    # Errors  Last Runtime    Last Run
-------------------------------------------  -----  ---------  --------  ----------  --------------  -------------------
/opt/airflow/dags/data_ingestion_gcs_dag.py                           1           0  1.08s           2022-09-16T23:22:01
================================================================================
[2022-09-16T23:22:34.173+0000] {manager.py:828} INFO - 
================================================================================
DAG File Processing Stats

File Path                                    PID    Runtime      # DAGs    # Errors  Last Runtime    Last Run
-------------------------------------------  -----  ---------  --------  ----------  --------------  -------------------
/opt/airflow/dags/data_ingestion_gcs_dag.py                           1           0  0.92s           2022-09-16T23:22:32
================================================================================
[2022-09-16T23:23:04.256+0000] {manager.py:828} INFO - 
================================================================================
DAG File Processing Stats

File Path                                    PID    Runtime      # DAGs    # Errors  Last Runtime    Last Run
-------------------------------------------  -----  ---------  --------  ----------  --------------  -------------------
/opt/airflow/dags/data_ingestion_gcs_dag.py                           1           0  1.07s           2022-09-16T23:23:03
================================================================================
[2022-09-16T23:23:31.330+0000] {manager.py:709} INFO - Searching for files in /opt/airflow/dags
[2022-09-16T23:23:31.338+0000] {manager.py:712} INFO - There are 1 files in /opt/airflow/dags
[2022-09-16T23:23:34.323+0000] {manager.py:828} INFO - 
================================================================================
DAG File Processing Stats

File Path                                    PID    Runtime      # DAGs    # Errors  Last Runtime    Last Run
-------------------------------------------  -----  ---------  --------  ----------  --------------  -------------------
/opt/airflow/dags/data_ingestion_gcs_dag.py                           1           0  0.97s           2022-09-16T23:23:34
================================================================================
[2022-09-16T23:24:04.413+0000] {manager.py:828} INFO - 
================================================================================
DAG File Processing Stats

File Path                                      PID  Runtime      # DAGs    # Errors  Last Runtime    Last Run
-------------------------------------------  -----  ---------  --------  ----------  --------------  -------------------
/opt/airflow/dags/data_ingestion_gcs_dag.py    586  0.01s             1           0  0.97s           2022-09-16T23:23:34
================================================================================
[2022-09-16T23:24:34.492+0000] {manager.py:828} INFO - 
================================================================================
DAG File Processing Stats

File Path                                    PID    Runtime      # DAGs    # Errors  Last Runtime    Last Run
-------------------------------------------  -----  ---------  --------  ----------  --------------  -------------------
/opt/airflow/dags/data_ingestion_gcs_dag.py                           1           0  1.30s           2022-09-16T23:24:05
================================================================================
[2022-09-16T23:25:04.555+0000] {manager.py:828} INFO - 
================================================================================
DAG File Processing Stats

File Path                                    PID    Runtime      # DAGs    # Errors  Last Runtime    Last Run
-------------------------------------------  -----  ---------  --------  ----------  --------------  -------------------
/opt/airflow/dags/data_ingestion_gcs_dag.py                           1           0  0.89s           2022-09-16T23:24:36
================================================================================
[2022-09-16T23:25:34.627+0000] {manager.py:828} INFO - 
================================================================================
DAG File Processing Stats

File Path                                    PID    Runtime      # DAGs    # Errors  Last Runtime    Last Run
-------------------------------------------  -----  ---------  --------  ----------  --------------  -------------------
/opt/airflow/dags/data_ingestion_gcs_dag.py                           1           0  0.93s           2022-09-16T23:25:07
================================================================================
[2022-09-16T23:26:04.751+0000] {manager.py:828} INFO - 
================================================================================
DAG File Processing Stats

File Path                                    PID    Runtime      # DAGs    # Errors  Last Runtime    Last Run
-------------------------------------------  -----  ---------  --------  ----------  --------------  -------------------
/opt/airflow/dags/data_ingestion_gcs_dag.py                           1           0  1.07s           2022-09-16T23:25:38
================================================================================
[2022-09-16T23:26:31.077+0000] {manager.py:462} INFO - Exiting gracefully upon receiving signal 15
[2022-09-16T23:27:35.157+0000] {manager.py:480} INFO - Processing files using up to 2 processes at a time 
[2022-09-16T23:27:35.160+0000] {manager.py:481} INFO - Process each file at most once every 30 seconds
[2022-09-16T23:27:35.162+0000] {manager.py:483} INFO - Checking for new files in /opt/airflow/dags every 300 seconds
[2022-09-16T23:27:35.174+0000] {manager.py:709} INFO - Searching for files in /opt/airflow/dags
[2022-09-16T23:27:35.192+0000] {manager.py:712} INFO - There are 1 files in /opt/airflow/dags
[2022-09-16T23:27:35.327+0000] {manager.py:828} INFO - 
================================================================================
DAG File Processing Stats

File Path                                      PID  Runtime      # DAGs    # Errors  Last Runtime    Last Run
-------------------------------------------  -----  ---------  --------  ----------  --------------  ----------
/opt/airflow/dags/data_ingestion_gcs_dag.py     49  0.05s             0           0
================================================================================
[2022-09-16T23:28:05.396+0000] {manager.py:828} INFO - 
================================================================================
DAG File Processing Stats

File Path                                    PID    Runtime      # DAGs    # Errors  Last Runtime    Last Run
-------------------------------------------  -----  ---------  --------  ----------  --------------  -------------------
/opt/airflow/dags/data_ingestion_gcs_dag.py                           1           0  1.11s           2022-09-16T23:27:36
================================================================================
[2022-09-16T23:28:35.461+0000] {manager.py:828} INFO - 
================================================================================
DAG File Processing Stats

File Path                                    PID    Runtime      # DAGs    # Errors  Last Runtime    Last Run
-------------------------------------------  -----  ---------  --------  ----------  --------------  -------------------
/opt/airflow/dags/data_ingestion_gcs_dag.py                           1           0  0.87s           2022-09-16T23:28:07
================================================================================
[2022-09-16T23:29:05.468+0000] {manager.py:828} INFO - 
================================================================================
DAG File Processing Stats

File Path                                    PID    Runtime      # DAGs    # Errors  Last Runtime    Last Run
-------------------------------------------  -----  ---------  --------  ----------  --------------  -------------------
/opt/airflow/dags/data_ingestion_gcs_dag.py                           1           0  1.08s           2022-09-16T23:28:38
================================================================================
[2022-09-16T23:29:35.520+0000] {manager.py:828} INFO - 
================================================================================
DAG File Processing Stats

File Path                                    PID    Runtime      # DAGs    # Errors  Last Runtime    Last Run
-------------------------------------------  -----  ---------  --------  ----------  --------------  -------------------
/opt/airflow/dags/data_ingestion_gcs_dag.py                           1           0  0.88s           2022-09-16T23:29:09
================================================================================
[2022-09-16T23:30:05.559+0000] {manager.py:828} INFO - 
================================================================================
DAG File Processing Stats

File Path                                    PID    Runtime      # DAGs    # Errors  Last Runtime    Last Run
-------------------------------------------  -----  ---------  --------  ----------  --------------  -------------------
/opt/airflow/dags/data_ingestion_gcs_dag.py                           1           0  0.87s           2022-09-16T23:29:40
================================================================================
[2022-09-16T23:30:35.603+0000] {manager.py:828} INFO - 
================================================================================
DAG File Processing Stats

File Path                                    PID    Runtime      # DAGs    # Errors  Last Runtime    Last Run
-------------------------------------------  -----  ---------  --------  ----------  --------------  -------------------
/opt/airflow/dags/data_ingestion_gcs_dag.py                           1           0  0.88s           2022-09-16T23:30:11
================================================================================
[2022-09-16T23:31:05.660+0000] {manager.py:828} INFO - 
================================================================================
DAG File Processing Stats

File Path                                    PID    Runtime      # DAGs    # Errors  Last Runtime    Last Run
-------------------------------------------  -----  ---------  --------  ----------  --------------  -------------------
/opt/airflow/dags/data_ingestion_gcs_dag.py                           1           0  0.89s           2022-09-16T23:30:42
================================================================================
[2022-09-16T23:31:35.722+0000] {manager.py:828} INFO - 
================================================================================
DAG File Processing Stats

File Path                                    PID    Runtime      # DAGs    # Errors  Last Runtime    Last Run
-------------------------------------------  -----  ---------  --------  ----------  --------------  -------------------
/opt/airflow/dags/data_ingestion_gcs_dag.py                           1           0  0.97s           2022-09-16T23:31:13
================================================================================
[2022-09-16T23:32:06.329+0000] {manager.py:828} INFO - 
================================================================================
DAG File Processing Stats

File Path                                    PID    Runtime      # DAGs    # Errors  Last Runtime    Last Run
-------------------------------------------  -----  ---------  --------  ----------  --------------  -------------------
/opt/airflow/dags/data_ingestion_gcs_dag.py                           1           0  1.02s           2022-09-16T23:31:44
================================================================================
[2022-09-16T23:32:35.399+0000] {manager.py:709} INFO - Searching for files in /opt/airflow/dags
[2022-09-16T23:32:35.411+0000] {manager.py:712} INFO - There are 1 files in /opt/airflow/dags
[2022-09-16T23:32:36.434+0000] {manager.py:828} INFO - 
================================================================================
DAG File Processing Stats

File Path                                    PID    Runtime      # DAGs    # Errors  Last Runtime    Last Run
-------------------------------------------  -----  ---------  --------  ----------  --------------  -------------------
/opt/airflow/dags/data_ingestion_gcs_dag.py                           1           0  1.24s           2022-09-16T23:32:15
================================================================================
[2022-09-16T23:33:06.697+0000] {manager.py:828} INFO - 
================================================================================
DAG File Processing Stats

File Path                                    PID    Runtime      # DAGs    # Errors  Last Runtime    Last Run
-------------------------------------------  -----  ---------  --------  ----------  --------------  -------------------
/opt/airflow/dags/data_ingestion_gcs_dag.py                           1           0  1.06s           2022-09-16T23:32:46
================================================================================
[2022-09-16T23:33:36.757+0000] {manager.py:828} INFO - 
================================================================================
DAG File Processing Stats

File Path                                    PID    Runtime      # DAGs    # Errors  Last Runtime    Last Run
-------------------------------------------  -----  ---------  --------  ----------  --------------  -------------------
/opt/airflow/dags/data_ingestion_gcs_dag.py                           1           0  0.99s           2022-09-16T23:33:17
================================================================================
[2022-09-16T23:34:06.843+0000] {manager.py:828} INFO - 
================================================================================
DAG File Processing Stats

File Path                                    PID    Runtime      # DAGs    # Errors  Last Runtime    Last Run
-------------------------------------------  -----  ---------  --------  ----------  --------------  -------------------
/opt/airflow/dags/data_ingestion_gcs_dag.py                           1           0  1.17s           2022-09-16T23:33:48
================================================================================
[2022-09-16T23:34:36.956+0000] {manager.py:828} INFO - 
================================================================================
DAG File Processing Stats

File Path                                    PID    Runtime      # DAGs    # Errors  Last Runtime    Last Run
-------------------------------------------  -----  ---------  --------  ----------  --------------  -------------------
/opt/airflow/dags/data_ingestion_gcs_dag.py                           1           0  0.90s           2022-09-16T23:34:19
================================================================================
[2022-09-16T23:35:07.121+0000] {manager.py:828} INFO - 
================================================================================
DAG File Processing Stats

File Path                                    PID    Runtime      # DAGs    # Errors  Last Runtime    Last Run
-------------------------------------------  -----  ---------  --------  ----------  --------------  -------------------
/opt/airflow/dags/data_ingestion_gcs_dag.py                           1           0  1.17s           2022-09-16T23:34:51
================================================================================
[2022-09-16T23:35:37.242+0000] {manager.py:828} INFO - 
================================================================================
DAG File Processing Stats

File Path                                    PID    Runtime      # DAGs    # Errors  Last Runtime    Last Run
-------------------------------------------  -----  ---------  --------  ----------  --------------  -------------------
/opt/airflow/dags/data_ingestion_gcs_dag.py                           1           0  1.03s           2022-09-16T23:35:22
================================================================================
[2022-09-16T23:36:07.246+0000] {manager.py:828} INFO - 
================================================================================
DAG File Processing Stats

File Path                                    PID    Runtime      # DAGs    # Errors  Last Runtime    Last Run
-------------------------------------------  -----  ---------  --------  ----------  --------------  -------------------
/opt/airflow/dags/data_ingestion_gcs_dag.py                           1           0  0.93s           2022-09-16T23:35:53
================================================================================
[2022-09-16T23:36:37.383+0000] {manager.py:828} INFO - 
================================================================================
DAG File Processing Stats

File Path                                    PID    Runtime      # DAGs    # Errors  Last Runtime    Last Run
-------------------------------------------  -----  ---------  --------  ----------  --------------  -------------------
/opt/airflow/dags/data_ingestion_gcs_dag.py                           1           0  0.87s           2022-09-16T23:36:24
================================================================================
[2022-09-16T23:37:08.244+0000] {manager.py:828} INFO - 
================================================================================
DAG File Processing Stats

File Path                                    PID    Runtime      # DAGs    # Errors  Last Runtime    Last Run
-------------------------------------------  -----  ---------  --------  ----------  --------------  -------------------
/opt/airflow/dags/data_ingestion_gcs_dag.py                           1           0  1.04s           2022-09-16T23:36:55
================================================================================
[2022-09-16T23:37:36.326+0000] {manager.py:709} INFO - Searching for files in /opt/airflow/dags
[2022-09-16T23:37:36.335+0000] {manager.py:712} INFO - There are 1 files in /opt/airflow/dags
[2022-09-16T23:37:38.353+0000] {manager.py:828} INFO - 
================================================================================
DAG File Processing Stats

File Path                                    PID    Runtime      # DAGs    # Errors  Last Runtime    Last Run
-------------------------------------------  -----  ---------  --------  ----------  --------------  -------------------
/opt/airflow/dags/data_ingestion_gcs_dag.py                           1           0  1.09s           2022-09-16T23:37:26
================================================================================
[2022-09-16T23:38:08.395+0000] {manager.py:828} INFO - 
================================================================================
DAG File Processing Stats

File Path                                    PID    Runtime      # DAGs    # Errors  Last Runtime    Last Run
-------------------------------------------  -----  ---------  --------  ----------  --------------  -------------------
/opt/airflow/dags/data_ingestion_gcs_dag.py                           1           0  0.96s           2022-09-16T23:37:57
================================================================================
[2022-09-16T23:38:38.507+0000] {manager.py:828} INFO - 
================================================================================
DAG File Processing Stats

File Path                                    PID    Runtime      # DAGs    # Errors  Last Runtime    Last Run
-------------------------------------------  -----  ---------  --------  ----------  --------------  -------------------
/opt/airflow/dags/data_ingestion_gcs_dag.py                           1           0  1.19s           2022-09-16T23:38:28
================================================================================
[2022-09-16T23:39:08.580+0000] {manager.py:828} INFO - 
================================================================================
DAG File Processing Stats

File Path                                    PID    Runtime      # DAGs    # Errors  Last Runtime    Last Run
-------------------------------------------  -----  ---------  --------  ----------  --------------  -------------------
/opt/airflow/dags/data_ingestion_gcs_dag.py                           1           0  0.95s           2022-09-16T23:38:59
================================================================================
[2022-09-16T23:39:38.665+0000] {manager.py:828} INFO - 
================================================================================
DAG File Processing Stats

File Path                                    PID    Runtime      # DAGs    # Errors  Last Runtime    Last Run
-------------------------------------------  -----  ---------  --------  ----------  --------------  -------------------
/opt/airflow/dags/data_ingestion_gcs_dag.py                           1           0  0.96s           2022-09-16T23:39:30
================================================================================
[2022-09-16T23:40:08.714+0000] {manager.py:828} INFO - 
================================================================================
DAG File Processing Stats

File Path                                    PID    Runtime      # DAGs    # Errors  Last Runtime    Last Run
-------------------------------------------  -----  ---------  --------  ----------  --------------  -------------------
/opt/airflow/dags/data_ingestion_gcs_dag.py                           1           0  0.98s           2022-09-16T23:40:01
================================================================================
[2022-09-16T23:40:38.789+0000] {manager.py:828} INFO - 
================================================================================
DAG File Processing Stats

File Path                                    PID    Runtime      # DAGs    # Errors  Last Runtime    Last Run
-------------------------------------------  -----  ---------  --------  ----------  --------------  -------------------
/opt/airflow/dags/data_ingestion_gcs_dag.py                           1           0  1.00s           2022-09-16T23:40:32
================================================================================
[2022-09-16T23:41:08.863+0000] {manager.py:828} INFO - 
================================================================================
DAG File Processing Stats

File Path                                    PID    Runtime      # DAGs    # Errors  Last Runtime    Last Run
-------------------------------------------  -----  ---------  --------  ----------  --------------  -------------------
/opt/airflow/dags/data_ingestion_gcs_dag.py                           1           0  1.09s           2022-09-16T23:41:03
================================================================================
[2022-09-16T23:41:38.995+0000] {manager.py:828} INFO - 
================================================================================
DAG File Processing Stats

File Path                                    PID    Runtime      # DAGs    # Errors  Last Runtime    Last Run
-------------------------------------------  -----  ---------  --------  ----------  --------------  -------------------
/opt/airflow/dags/data_ingestion_gcs_dag.py                           1           0  1.07s           2022-09-16T23:41:35
================================================================================
[2022-09-16T23:42:09.139+0000] {manager.py:828} INFO - 
================================================================================
DAG File Processing Stats

File Path                                    PID    Runtime      # DAGs    # Errors  Last Runtime    Last Run
-------------------------------------------  -----  ---------  --------  ----------  --------------  -------------------
/opt/airflow/dags/data_ingestion_gcs_dag.py                           1           0  1.49s           2022-09-16T23:42:06
================================================================================
[2022-09-16T23:42:09.843+0000] {manager.py:462} INFO - Exiting gracefully upon receiving signal 15
