[2022-09-16T23:14:12.164+0000] {taskinstance.py:1171} INFO - Dependencies all met for <TaskInstance: data_ingestion_gcs_dag.download_Dataset_task manual__2022-09-16T23:14:10.043952+00:00 [queued]>
[2022-09-16T23:14:12.185+0000] {taskinstance.py:1171} INFO - Dependencies all met for <TaskInstance: data_ingestion_gcs_dag.download_Dataset_task manual__2022-09-16T23:14:10.043952+00:00 [queued]>
[2022-09-16T23:14:12.186+0000] {taskinstance.py:1368} INFO - 
--------------------------------------------------------------------------------
[2022-09-16T23:14:12.188+0000] {taskinstance.py:1369} INFO - Starting attempt 1 of 2
[2022-09-16T23:14:12.188+0000] {taskinstance.py:1370} INFO - 
--------------------------------------------------------------------------------
[2022-09-16T23:14:12.205+0000] {taskinstance.py:1389} INFO - Executing <Task(BashOperator): download_Dataset_task> on 2022-09-16 23:14:10.043952+00:00
[2022-09-16T23:14:12.214+0000] {standard_task_runner.py:52} INFO - Started process 93 to run task
[2022-09-16T23:14:12.219+0000] {standard_task_runner.py:79} INFO - Running: ['***', 'tasks', 'run', 'data_ingestion_gcs_dag', 'download_Dataset_task', 'manual__2022-09-16T23:14:10.043952+00:00', '--job-id', '33', '--raw', '--subdir', 'DAGS_FOLDER/data_ingestion_gcs_dag.py', '--cfg-path', '/tmp/tmpacdwbs15', '--error-file', '/tmp/tmprro5rhy5']
[2022-09-16T23:14:12.222+0000] {standard_task_runner.py:80} INFO - Job 33: Subtask download_Dataset_task
[2022-09-16T23:14:12.330+0000] {task_command.py:371} INFO - Running <TaskInstance: data_ingestion_gcs_dag.download_Dataset_task manual__2022-09-16T23:14:10.043952+00:00 [running]> on host 6f8e2375011a
[2022-09-16T23:14:12.450+0000] {taskinstance.py:1583} INFO - Exporting the following env vars:
AIRFLOW_CTX_DAG_OWNER=***
AIRFLOW_CTX_DAG_ID=data_ingestion_gcs_dag
AIRFLOW_CTX_TASK_ID=download_Dataset_task
AIRFLOW_CTX_EXECUTION_DATE=2022-09-16T23:14:10.043952+00:00
AIRFLOW_CTX_TRY_NUMBER=1
AIRFLOW_CTX_DAG_RUN_ID=manual__2022-09-16T23:14:10.043952+00:00
[2022-09-16T23:14:12.455+0000] {subprocess.py:62} INFO - Tmp dir root location: 
 /tmp
[2022-09-16T23:14:12.457+0000] {subprocess.py:74} INFO - Running command: ['/bin/bash', '-c', 'curl -sSL https://s3.amazonaws.com/nyc-tlc/trip+data/yellow_tripdata_2021-01.csv > /opt/***/yellow_tripdata_2021-01.csv']
[2022-09-16T23:14:12.478+0000] {subprocess.py:85} INFO - Output:
[2022-09-16T23:14:13.460+0000] {subprocess.py:96} INFO - Command exited with return code 0
[2022-09-16T23:14:13.494+0000] {taskinstance.py:1412} INFO - Marking task as SUCCESS. dag_id=data_ingestion_gcs_dag, task_id=download_Dataset_task, execution_date=20220916T231410, start_date=20220916T231412, end_date=20220916T231413
[2022-09-16T23:14:13.537+0000] {local_task_job.py:156} INFO - Task exited with return code 0
[2022-09-16T23:14:13.600+0000] {local_task_job.py:279} INFO - 1 downstream tasks scheduled from follow-on schedule check
