[2022-09-17T19:33:43.112+0000] {taskinstance.py:1171} INFO - Dependencies all met for <TaskInstance: data_ingestion_gcs_dag.bigquery_external_table_task manual__2022-09-17T19:33:07.629274+00:00 [queued]>
[2022-09-17T19:33:43.127+0000] {taskinstance.py:1171} INFO - Dependencies all met for <TaskInstance: data_ingestion_gcs_dag.bigquery_external_table_task manual__2022-09-17T19:33:07.629274+00:00 [queued]>
[2022-09-17T19:33:43.129+0000] {taskinstance.py:1368} INFO - 
--------------------------------------------------------------------------------
[2022-09-17T19:33:43.130+0000] {taskinstance.py:1369} INFO - Starting attempt 1 of 2
[2022-09-17T19:33:43.130+0000] {taskinstance.py:1370} INFO - 
--------------------------------------------------------------------------------
[2022-09-17T19:33:43.148+0000] {taskinstance.py:1389} INFO - Executing <Task(BigQueryCreateExternalTableOperator): bigquery_external_table_task> on 2022-09-17 19:33:07.629274+00:00
[2022-09-17T19:33:43.157+0000] {standard_task_runner.py:52} INFO - Started process 175 to run task
[2022-09-17T19:33:43.161+0000] {standard_task_runner.py:79} INFO - Running: ['***', 'tasks', 'run', 'data_ingestion_gcs_dag', 'bigquery_external_table_task', 'manual__2022-09-17T19:33:07.629274+00:00', '--job-id', '76', '--raw', '--subdir', 'DAGS_FOLDER/data_ingestion_gcs_dag.py', '--cfg-path', '/tmp/tmp8700y2p2', '--error-file', '/tmp/tmpbbnxrwa0']
[2022-09-17T19:33:43.164+0000] {standard_task_runner.py:80} INFO - Job 76: Subtask bigquery_external_table_task
[2022-09-17T19:33:43.228+0000] {task_command.py:371} INFO - Running <TaskInstance: data_ingestion_gcs_dag.bigquery_external_table_task manual__2022-09-17T19:33:07.629274+00:00 [running]> on host 1aa5ba7d981c
[2022-09-17T19:33:43.334+0000] {taskinstance.py:1583} INFO - Exporting the following env vars:
AIRFLOW_CTX_DAG_OWNER=***
AIRFLOW_CTX_DAG_ID=data_ingestion_gcs_dag
AIRFLOW_CTX_TASK_ID=bigquery_external_table_task
AIRFLOW_CTX_EXECUTION_DATE=2022-09-17T19:33:07.629274+00:00
AIRFLOW_CTX_TRY_NUMBER=1
AIRFLOW_CTX_DAG_RUN_ID=manual__2022-09-17T19:33:07.629274+00:00
[2022-09-17T19:33:43.339+0000] {crypto.py:82} WARNING - empty cryptography key - values will not be stored encrypted.
[2022-09-17T19:33:43.340+0000] {base.py:68} INFO - Using connection ID 'google_cloud_default' for task execution.
[2022-09-17T19:33:44.654+0000] {taskinstance.py:1412} INFO - Marking task as SUCCESS. dag_id=data_ingestion_gcs_dag, task_id=bigquery_external_table_task, execution_date=20220917T193307, start_date=20220917T193343, end_date=20220917T193344
[2022-09-17T19:33:44.688+0000] {local_task_job.py:156} INFO - Task exited with return code 0
[2022-09-17T19:33:44.734+0000] {local_task_job.py:279} INFO - 0 downstream tasks scheduled from follow-on schedule check
