[2022-09-16T23:32:49.258+0000] {taskinstance.py:1171} INFO - Dependencies all met for <TaskInstance: data_ingestion_gcs_dag.bigquery_external_table_task manual__2022-09-16T23:32:38.353246+00:00 [queued]>
[2022-09-16T23:32:49.276+0000] {taskinstance.py:1171} INFO - Dependencies all met for <TaskInstance: data_ingestion_gcs_dag.bigquery_external_table_task manual__2022-09-16T23:32:38.353246+00:00 [queued]>
[2022-09-16T23:32:49.277+0000] {taskinstance.py:1368} INFO - 
--------------------------------------------------------------------------------
[2022-09-16T23:32:49.278+0000] {taskinstance.py:1369} INFO - Starting attempt 1 of 2
[2022-09-16T23:32:49.278+0000] {taskinstance.py:1370} INFO - 
--------------------------------------------------------------------------------
[2022-09-16T23:32:49.302+0000] {taskinstance.py:1389} INFO - Executing <Task(BigQueryCreateExternalTableOperator): bigquery_external_table_task> on 2022-09-16 23:32:38.353246+00:00
[2022-09-16T23:32:49.310+0000] {standard_task_runner.py:52} INFO - Started process 325 to run task
[2022-09-16T23:32:49.321+0000] {standard_task_runner.py:79} INFO - Running: ['***', 'tasks', 'run', 'data_ingestion_gcs_dag', 'bigquery_external_table_task', 'manual__2022-09-16T23:32:38.353246+00:00', '--job-id', '46', '--raw', '--subdir', 'DAGS_FOLDER/data_ingestion_gcs_dag.py', '--cfg-path', '/tmp/tmpvodmh53k', '--error-file', '/tmp/tmpa7na405d']
[2022-09-16T23:32:49.324+0000] {standard_task_runner.py:80} INFO - Job 46: Subtask bigquery_external_table_task
[2022-09-16T23:32:49.413+0000] {task_command.py:371} INFO - Running <TaskInstance: data_ingestion_gcs_dag.bigquery_external_table_task manual__2022-09-16T23:32:38.353246+00:00 [running]> on host 2a91e0997e9b
[2022-09-16T23:32:49.541+0000] {taskinstance.py:1583} INFO - Exporting the following env vars:
AIRFLOW_CTX_DAG_OWNER=***
AIRFLOW_CTX_DAG_ID=data_ingestion_gcs_dag
AIRFLOW_CTX_TASK_ID=bigquery_external_table_task
AIRFLOW_CTX_EXECUTION_DATE=2022-09-16T23:32:38.353246+00:00
AIRFLOW_CTX_TRY_NUMBER=1
AIRFLOW_CTX_DAG_RUN_ID=manual__2022-09-16T23:32:38.353246+00:00
[2022-09-16T23:32:49.545+0000] {crypto.py:82} WARNING - empty cryptography key - values will not be stored encrypted.
[2022-09-16T23:32:49.546+0000] {base.py:68} INFO - Using connection ID 'google_cloud_default' for task execution.
[2022-09-16T23:32:51.225+0000] {taskinstance.py:1412} INFO - Marking task as SUCCESS. dag_id=data_ingestion_gcs_dag, task_id=bigquery_external_table_task, execution_date=20220916T233238, start_date=20220916T233249, end_date=20220916T233251
[2022-09-16T23:32:51.277+0000] {local_task_job.py:156} INFO - Task exited with return code 0
[2022-09-16T23:32:51.321+0000] {local_task_job.py:279} INFO - 0 downstream tasks scheduled from follow-on schedule check
