[2022-09-17T11:05:39.568+0000] {processor.py:153} INFO - Started process (PID=48) to work on /opt/airflow/dags/data_ingestion_gcs_dag.py
[2022-09-17T11:05:39.570+0000] {processor.py:640} INFO - Processing file /opt/airflow/dags/data_ingestion_gcs_dag.py for tasks to queue
[2022-09-17T11:05:39.580+0000] {logging_mixin.py:115} INFO - [2022-09-17T11:05:39.580+0000] {dagbag.py:508} INFO - Filling up the DagBag from /opt/airflow/dags/data_ingestion_gcs_dag.py
[2022-09-17T11:05:40.985+0000] {processor.py:650} INFO - DAG(s) dict_keys(['data_ingestion_gcs_dag']) retrieved from /opt/airflow/dags/data_ingestion_gcs_dag.py
[2022-09-17T11:05:41.112+0000] {logging_mixin.py:115} INFO - [2022-09-17T11:05:41.112+0000] {dag.py:2429} INFO - Sync 1 DAGs
[2022-09-17T11:05:41.176+0000] {processor.py:161} INFO - Processing /opt/airflow/dags/data_ingestion_gcs_dag.py took 1.615 seconds
[2022-09-17T11:06:11.279+0000] {processor.py:153} INFO - Started process (PID=78) to work on /opt/airflow/dags/data_ingestion_gcs_dag.py
[2022-09-17T11:06:11.283+0000] {processor.py:640} INFO - Processing file /opt/airflow/dags/data_ingestion_gcs_dag.py for tasks to queue
[2022-09-17T11:06:11.284+0000] {logging_mixin.py:115} INFO - [2022-09-17T11:06:11.284+0000] {dagbag.py:508} INFO - Filling up the DagBag from /opt/airflow/dags/data_ingestion_gcs_dag.py
[2022-09-17T11:06:11.965+0000] {processor.py:650} INFO - DAG(s) dict_keys(['data_ingestion_gcs_dag']) retrieved from /opt/airflow/dags/data_ingestion_gcs_dag.py
[2022-09-17T11:06:12.147+0000] {logging_mixin.py:115} INFO - [2022-09-17T11:06:12.147+0000] {dag.py:2429} INFO - Sync 1 DAGs
[2022-09-17T11:06:12.189+0000] {processor.py:161} INFO - Processing /opt/airflow/dags/data_ingestion_gcs_dag.py took 0.914 seconds
[2022-09-17T11:06:42.292+0000] {processor.py:153} INFO - Started process (PID=98) to work on /opt/airflow/dags/data_ingestion_gcs_dag.py
[2022-09-17T11:06:42.293+0000] {processor.py:640} INFO - Processing file /opt/airflow/dags/data_ingestion_gcs_dag.py for tasks to queue
[2022-09-17T11:06:42.295+0000] {logging_mixin.py:115} INFO - [2022-09-17T11:06:42.295+0000] {dagbag.py:508} INFO - Filling up the DagBag from /opt/airflow/dags/data_ingestion_gcs_dag.py
[2022-09-17T11:06:42.925+0000] {processor.py:650} INFO - DAG(s) dict_keys(['data_ingestion_gcs_dag']) retrieved from /opt/airflow/dags/data_ingestion_gcs_dag.py
[2022-09-17T11:06:43.071+0000] {logging_mixin.py:115} INFO - [2022-09-17T11:06:43.070+0000] {dag.py:2429} INFO - Sync 1 DAGs
[2022-09-17T11:06:43.107+0000] {processor.py:161} INFO - Processing /opt/airflow/dags/data_ingestion_gcs_dag.py took 0.819 seconds
[2022-09-17T11:07:13.204+0000] {processor.py:153} INFO - Started process (PID=128) to work on /opt/airflow/dags/data_ingestion_gcs_dag.py
[2022-09-17T11:07:13.205+0000] {processor.py:640} INFO - Processing file /opt/airflow/dags/data_ingestion_gcs_dag.py for tasks to queue
[2022-09-17T11:07:13.207+0000] {logging_mixin.py:115} INFO - [2022-09-17T11:07:13.207+0000] {dagbag.py:508} INFO - Filling up the DagBag from /opt/airflow/dags/data_ingestion_gcs_dag.py
[2022-09-17T11:07:13.892+0000] {processor.py:650} INFO - DAG(s) dict_keys(['data_ingestion_gcs_dag']) retrieved from /opt/airflow/dags/data_ingestion_gcs_dag.py
[2022-09-17T11:07:14.036+0000] {logging_mixin.py:115} INFO - [2022-09-17T11:07:14.036+0000] {dag.py:2429} INFO - Sync 1 DAGs
[2022-09-17T11:07:14.071+0000] {processor.py:161} INFO - Processing /opt/airflow/dags/data_ingestion_gcs_dag.py took 0.871 seconds
[2022-09-17T11:07:44.174+0000] {processor.py:153} INFO - Started process (PID=157) to work on /opt/airflow/dags/data_ingestion_gcs_dag.py
[2022-09-17T11:07:44.177+0000] {processor.py:640} INFO - Processing file /opt/airflow/dags/data_ingestion_gcs_dag.py for tasks to queue
[2022-09-17T11:07:44.179+0000] {logging_mixin.py:115} INFO - [2022-09-17T11:07:44.178+0000] {dagbag.py:508} INFO - Filling up the DagBag from /opt/airflow/dags/data_ingestion_gcs_dag.py
[2022-09-17T11:07:44.908+0000] {processor.py:650} INFO - DAG(s) dict_keys(['data_ingestion_gcs_dag']) retrieved from /opt/airflow/dags/data_ingestion_gcs_dag.py
[2022-09-17T11:07:45.044+0000] {logging_mixin.py:115} INFO - [2022-09-17T11:07:45.044+0000] {dag.py:2429} INFO - Sync 1 DAGs
[2022-09-17T11:07:45.088+0000] {processor.py:161} INFO - Processing /opt/airflow/dags/data_ingestion_gcs_dag.py took 0.918 seconds
[2022-09-17T11:08:15.215+0000] {processor.py:153} INFO - Started process (PID=187) to work on /opt/airflow/dags/data_ingestion_gcs_dag.py
[2022-09-17T11:08:15.217+0000] {processor.py:640} INFO - Processing file /opt/airflow/dags/data_ingestion_gcs_dag.py for tasks to queue
[2022-09-17T11:08:15.220+0000] {logging_mixin.py:115} INFO - [2022-09-17T11:08:15.220+0000] {dagbag.py:508} INFO - Filling up the DagBag from /opt/airflow/dags/data_ingestion_gcs_dag.py
[2022-09-17T11:08:16.056+0000] {processor.py:650} INFO - DAG(s) dict_keys(['data_ingestion_gcs_dag']) retrieved from /opt/airflow/dags/data_ingestion_gcs_dag.py
[2022-09-17T11:08:16.212+0000] {logging_mixin.py:115} INFO - [2022-09-17T11:08:16.212+0000] {dag.py:2429} INFO - Sync 1 DAGs
[2022-09-17T11:08:16.250+0000] {processor.py:161} INFO - Processing /opt/airflow/dags/data_ingestion_gcs_dag.py took 1.042 seconds
[2022-09-17T11:08:46.299+0000] {processor.py:153} INFO - Started process (PID=207) to work on /opt/airflow/dags/data_ingestion_gcs_dag.py
[2022-09-17T11:08:46.300+0000] {processor.py:640} INFO - Processing file /opt/airflow/dags/data_ingestion_gcs_dag.py for tasks to queue
[2022-09-17T11:08:46.302+0000] {logging_mixin.py:115} INFO - [2022-09-17T11:08:46.302+0000] {dagbag.py:508} INFO - Filling up the DagBag from /opt/airflow/dags/data_ingestion_gcs_dag.py
[2022-09-17T11:08:46.995+0000] {processor.py:650} INFO - DAG(s) dict_keys(['data_ingestion_gcs_dag']) retrieved from /opt/airflow/dags/data_ingestion_gcs_dag.py
[2022-09-17T11:08:47.197+0000] {logging_mixin.py:115} INFO - [2022-09-17T11:08:47.197+0000] {dag.py:2429} INFO - Sync 1 DAGs
[2022-09-17T11:08:47.235+0000] {processor.py:161} INFO - Processing /opt/airflow/dags/data_ingestion_gcs_dag.py took 0.941 seconds
[2022-09-17T11:09:17.354+0000] {processor.py:153} INFO - Started process (PID=237) to work on /opt/airflow/dags/data_ingestion_gcs_dag.py
[2022-09-17T11:09:17.356+0000] {processor.py:640} INFO - Processing file /opt/airflow/dags/data_ingestion_gcs_dag.py for tasks to queue
[2022-09-17T11:09:17.357+0000] {logging_mixin.py:115} INFO - [2022-09-17T11:09:17.357+0000] {dagbag.py:508} INFO - Filling up the DagBag from /opt/airflow/dags/data_ingestion_gcs_dag.py
[2022-09-17T11:09:18.052+0000] {processor.py:650} INFO - DAG(s) dict_keys(['data_ingestion_gcs_dag']) retrieved from /opt/airflow/dags/data_ingestion_gcs_dag.py
[2022-09-17T11:09:18.205+0000] {logging_mixin.py:115} INFO - [2022-09-17T11:09:18.205+0000] {dag.py:2429} INFO - Sync 1 DAGs
[2022-09-17T11:09:18.242+0000] {processor.py:161} INFO - Processing /opt/airflow/dags/data_ingestion_gcs_dag.py took 0.892 seconds
[2022-09-17T11:09:48.364+0000] {processor.py:153} INFO - Started process (PID=266) to work on /opt/airflow/dags/data_ingestion_gcs_dag.py
[2022-09-17T11:09:48.366+0000] {processor.py:640} INFO - Processing file /opt/airflow/dags/data_ingestion_gcs_dag.py for tasks to queue
[2022-09-17T11:09:48.367+0000] {logging_mixin.py:115} INFO - [2022-09-17T11:09:48.367+0000] {dagbag.py:508} INFO - Filling up the DagBag from /opt/airflow/dags/data_ingestion_gcs_dag.py
[2022-09-17T11:09:49.052+0000] {processor.py:650} INFO - DAG(s) dict_keys(['data_ingestion_gcs_dag']) retrieved from /opt/airflow/dags/data_ingestion_gcs_dag.py
[2022-09-17T11:09:49.225+0000] {logging_mixin.py:115} INFO - [2022-09-17T11:09:49.224+0000] {dag.py:2429} INFO - Sync 1 DAGs
[2022-09-17T11:09:49.261+0000] {processor.py:161} INFO - Processing /opt/airflow/dags/data_ingestion_gcs_dag.py took 0.901 seconds
[2022-09-17T11:10:19.376+0000] {processor.py:153} INFO - Started process (PID=286) to work on /opt/airflow/dags/data_ingestion_gcs_dag.py
[2022-09-17T11:10:19.378+0000] {processor.py:640} INFO - Processing file /opt/airflow/dags/data_ingestion_gcs_dag.py for tasks to queue
[2022-09-17T11:10:19.380+0000] {logging_mixin.py:115} INFO - [2022-09-17T11:10:19.380+0000] {dagbag.py:508} INFO - Filling up the DagBag from /opt/airflow/dags/data_ingestion_gcs_dag.py
[2022-09-17T11:10:20.520+0000] {processor.py:650} INFO - DAG(s) dict_keys(['data_ingestion_gcs_dag']) retrieved from /opt/airflow/dags/data_ingestion_gcs_dag.py
[2022-09-17T11:10:20.702+0000] {logging_mixin.py:115} INFO - [2022-09-17T11:10:20.702+0000] {dag.py:2429} INFO - Sync 1 DAGs
[2022-09-17T11:10:20.752+0000] {processor.py:161} INFO - Processing /opt/airflow/dags/data_ingestion_gcs_dag.py took 1.382 seconds
[2022-09-17T11:10:50.859+0000] {processor.py:153} INFO - Started process (PID=314) to work on /opt/airflow/dags/data_ingestion_gcs_dag.py
[2022-09-17T11:10:50.860+0000] {processor.py:640} INFO - Processing file /opt/airflow/dags/data_ingestion_gcs_dag.py for tasks to queue
[2022-09-17T11:10:50.862+0000] {logging_mixin.py:115} INFO - [2022-09-17T11:10:50.862+0000] {dagbag.py:508} INFO - Filling up the DagBag from /opt/airflow/dags/data_ingestion_gcs_dag.py
[2022-09-17T11:10:51.687+0000] {processor.py:650} INFO - DAG(s) dict_keys(['data_ingestion_gcs_dag']) retrieved from /opt/airflow/dags/data_ingestion_gcs_dag.py
[2022-09-17T11:10:51.717+0000] {logging_mixin.py:115} INFO - [2022-09-17T11:10:51.717+0000] {dag.py:2429} INFO - Sync 1 DAGs
[2022-09-17T11:10:51.755+0000] {processor.py:161} INFO - Processing /opt/airflow/dags/data_ingestion_gcs_dag.py took 0.900 seconds
[2022-09-17T11:11:21.848+0000] {processor.py:153} INFO - Started process (PID=344) to work on /opt/airflow/dags/data_ingestion_gcs_dag.py
[2022-09-17T11:11:21.850+0000] {processor.py:640} INFO - Processing file /opt/airflow/dags/data_ingestion_gcs_dag.py for tasks to queue
[2022-09-17T11:11:21.851+0000] {logging_mixin.py:115} INFO - [2022-09-17T11:11:21.851+0000] {dagbag.py:508} INFO - Filling up the DagBag from /opt/airflow/dags/data_ingestion_gcs_dag.py
[2022-09-17T11:11:22.711+0000] {processor.py:650} INFO - DAG(s) dict_keys(['data_ingestion_gcs_dag']) retrieved from /opt/airflow/dags/data_ingestion_gcs_dag.py
[2022-09-17T11:11:22.737+0000] {logging_mixin.py:115} INFO - [2022-09-17T11:11:22.737+0000] {dag.py:2429} INFO - Sync 1 DAGs
[2022-09-17T11:11:22.773+0000] {processor.py:161} INFO - Processing /opt/airflow/dags/data_ingestion_gcs_dag.py took 0.931 seconds
[2022-09-17T11:11:52.868+0000] {processor.py:153} INFO - Started process (PID=371) to work on /opt/airflow/dags/data_ingestion_gcs_dag.py
[2022-09-17T11:11:52.870+0000] {processor.py:640} INFO - Processing file /opt/airflow/dags/data_ingestion_gcs_dag.py for tasks to queue
[2022-09-17T11:11:52.871+0000] {logging_mixin.py:115} INFO - [2022-09-17T11:11:52.871+0000] {dagbag.py:508} INFO - Filling up the DagBag from /opt/airflow/dags/data_ingestion_gcs_dag.py
[2022-09-17T11:11:53.823+0000] {processor.py:650} INFO - DAG(s) dict_keys(['data_ingestion_gcs_dag']) retrieved from /opt/airflow/dags/data_ingestion_gcs_dag.py
[2022-09-17T11:11:53.851+0000] {logging_mixin.py:115} INFO - [2022-09-17T11:11:53.850+0000] {dag.py:2429} INFO - Sync 1 DAGs
[2022-09-17T11:11:53.887+0000] {processor.py:161} INFO - Processing /opt/airflow/dags/data_ingestion_gcs_dag.py took 1.024 seconds
[2022-09-17T11:11:55.880+0000] {processor.py:153} INFO - Started process (PID=375) to work on /opt/airflow/dags/data_ingestion_gcs_dag.py
[2022-09-17T11:11:55.882+0000] {processor.py:640} INFO - Processing file /opt/airflow/dags/data_ingestion_gcs_dag.py for tasks to queue
[2022-09-17T11:11:55.883+0000] {logging_mixin.py:115} INFO - [2022-09-17T11:11:55.883+0000] {dagbag.py:508} INFO - Filling up the DagBag from /opt/airflow/dags/data_ingestion_gcs_dag.py
[2022-09-17T11:11:56.839+0000] {processor.py:650} INFO - DAG(s) dict_keys(['data_ingestion_gcs_dag']) retrieved from /opt/airflow/dags/data_ingestion_gcs_dag.py
[2022-09-17T11:11:56.981+0000] {logging_mixin.py:115} INFO - [2022-09-17T11:11:56.981+0000] {dag.py:2429} INFO - Sync 1 DAGs
[2022-09-17T11:11:57.062+0000] {processor.py:161} INFO - Processing /opt/airflow/dags/data_ingestion_gcs_dag.py took 1.186 seconds
[2022-09-17T11:12:27.186+0000] {processor.py:153} INFO - Started process (PID=395) to work on /opt/airflow/dags/data_ingestion_gcs_dag.py
[2022-09-17T11:12:27.189+0000] {processor.py:640} INFO - Processing file /opt/airflow/dags/data_ingestion_gcs_dag.py for tasks to queue
[2022-09-17T11:12:27.190+0000] {logging_mixin.py:115} INFO - [2022-09-17T11:12:27.190+0000] {dagbag.py:508} INFO - Filling up the DagBag from /opt/airflow/dags/data_ingestion_gcs_dag.py
[2022-09-17T11:12:28.282+0000] {processor.py:650} INFO - DAG(s) dict_keys(['data_ingestion_gcs_dag']) retrieved from /opt/airflow/dags/data_ingestion_gcs_dag.py
[2022-09-17T11:12:28.316+0000] {logging_mixin.py:115} INFO - [2022-09-17T11:12:28.316+0000] {dag.py:2429} INFO - Sync 1 DAGs
[2022-09-17T11:12:28.352+0000] {processor.py:161} INFO - Processing /opt/airflow/dags/data_ingestion_gcs_dag.py took 1.171 seconds
[2022-09-17T11:12:58.456+0000] {processor.py:153} INFO - Started process (PID=425) to work on /opt/airflow/dags/data_ingestion_gcs_dag.py
[2022-09-17T11:12:58.458+0000] {processor.py:640} INFO - Processing file /opt/airflow/dags/data_ingestion_gcs_dag.py for tasks to queue
[2022-09-17T11:12:58.459+0000] {logging_mixin.py:115} INFO - [2022-09-17T11:12:58.459+0000] {dagbag.py:508} INFO - Filling up the DagBag from /opt/airflow/dags/data_ingestion_gcs_dag.py
[2022-09-17T11:12:59.238+0000] {processor.py:650} INFO - DAG(s) dict_keys(['data_ingestion_gcs_dag']) retrieved from /opt/airflow/dags/data_ingestion_gcs_dag.py
[2022-09-17T11:12:59.263+0000] {logging_mixin.py:115} INFO - [2022-09-17T11:12:59.263+0000] {dag.py:2429} INFO - Sync 1 DAGs
[2022-09-17T11:12:59.302+0000] {processor.py:161} INFO - Processing /opt/airflow/dags/data_ingestion_gcs_dag.py took 0.850 seconds
[2022-09-17T11:13:13.293+0000] {processor.py:153} INFO - Started process (PID=436) to work on /opt/airflow/dags/data_ingestion_gcs_dag.py
[2022-09-17T11:13:13.295+0000] {processor.py:640} INFO - Processing file /opt/airflow/dags/data_ingestion_gcs_dag.py for tasks to queue
[2022-09-17T11:13:13.296+0000] {logging_mixin.py:115} INFO - [2022-09-17T11:13:13.296+0000] {dagbag.py:508} INFO - Filling up the DagBag from /opt/airflow/dags/data_ingestion_gcs_dag.py
[2022-09-17T11:13:14.298+0000] {processor.py:650} INFO - DAG(s) dict_keys(['data_ingestion_gcs_dag']) retrieved from /opt/airflow/dags/data_ingestion_gcs_dag.py
[2022-09-17T11:13:14.333+0000] {logging_mixin.py:115} INFO - [2022-09-17T11:13:14.333+0000] {dag.py:2429} INFO - Sync 1 DAGs
[2022-09-17T11:13:14.445+0000] {processor.py:161} INFO - Processing /opt/airflow/dags/data_ingestion_gcs_dag.py took 1.157 seconds
[2022-09-17T11:13:44.585+0000] {processor.py:153} INFO - Started process (PID=465) to work on /opt/airflow/dags/data_ingestion_gcs_dag.py
[2022-09-17T11:13:44.587+0000] {processor.py:640} INFO - Processing file /opt/airflow/dags/data_ingestion_gcs_dag.py for tasks to queue
[2022-09-17T11:13:44.589+0000] {logging_mixin.py:115} INFO - [2022-09-17T11:13:44.588+0000] {dagbag.py:508} INFO - Filling up the DagBag from /opt/airflow/dags/data_ingestion_gcs_dag.py
[2022-09-17T11:13:45.359+0000] {processor.py:650} INFO - DAG(s) dict_keys(['data_ingestion_gcs_dag']) retrieved from /opt/airflow/dags/data_ingestion_gcs_dag.py
[2022-09-17T11:13:45.386+0000] {logging_mixin.py:115} INFO - [2022-09-17T11:13:45.386+0000] {dag.py:2429} INFO - Sync 1 DAGs
[2022-09-17T11:13:45.412+0000] {logging_mixin.py:115} INFO - [2022-09-17T11:13:45.412+0000] {dag.py:2981} INFO - Setting next_dagrun for data_ingestion_gcs_dag to 2022-09-17T00:00:00+00:00, run_after=2022-09-18T00:00:00+00:00
[2022-09-17T11:13:45.427+0000] {processor.py:161} INFO - Processing /opt/airflow/dags/data_ingestion_gcs_dag.py took 0.848 seconds
[2022-09-17T11:14:15.522+0000] {processor.py:153} INFO - Started process (PID=495) to work on /opt/airflow/dags/data_ingestion_gcs_dag.py
[2022-09-17T11:14:15.523+0000] {processor.py:640} INFO - Processing file /opt/airflow/dags/data_ingestion_gcs_dag.py for tasks to queue
[2022-09-17T11:14:15.525+0000] {logging_mixin.py:115} INFO - [2022-09-17T11:14:15.525+0000] {dagbag.py:508} INFO - Filling up the DagBag from /opt/airflow/dags/data_ingestion_gcs_dag.py
[2022-09-17T11:14:16.312+0000] {processor.py:650} INFO - DAG(s) dict_keys(['data_ingestion_gcs_dag']) retrieved from /opt/airflow/dags/data_ingestion_gcs_dag.py
[2022-09-17T11:14:16.338+0000] {logging_mixin.py:115} INFO - [2022-09-17T11:14:16.337+0000] {dag.py:2429} INFO - Sync 1 DAGs
[2022-09-17T11:14:16.366+0000] {logging_mixin.py:115} INFO - [2022-09-17T11:14:16.365+0000] {dag.py:2981} INFO - Setting next_dagrun for data_ingestion_gcs_dag to 2022-09-17T00:00:00+00:00, run_after=2022-09-18T00:00:00+00:00
[2022-09-17T11:14:16.378+0000] {processor.py:161} INFO - Processing /opt/airflow/dags/data_ingestion_gcs_dag.py took 0.863 seconds
[2022-09-17T11:14:46.502+0000] {processor.py:153} INFO - Started process (PID=525) to work on /opt/airflow/dags/data_ingestion_gcs_dag.py
[2022-09-17T11:14:46.504+0000] {processor.py:640} INFO - Processing file /opt/airflow/dags/data_ingestion_gcs_dag.py for tasks to queue
[2022-09-17T11:14:46.506+0000] {logging_mixin.py:115} INFO - [2022-09-17T11:14:46.506+0000] {dagbag.py:508} INFO - Filling up the DagBag from /opt/airflow/dags/data_ingestion_gcs_dag.py
[2022-09-17T11:14:47.313+0000] {processor.py:650} INFO - DAG(s) dict_keys(['data_ingestion_gcs_dag']) retrieved from /opt/airflow/dags/data_ingestion_gcs_dag.py
[2022-09-17T11:14:47.340+0000] {logging_mixin.py:115} INFO - [2022-09-17T11:14:47.340+0000] {dag.py:2429} INFO - Sync 1 DAGs
[2022-09-17T11:14:47.366+0000] {logging_mixin.py:115} INFO - [2022-09-17T11:14:47.366+0000] {dag.py:2981} INFO - Setting next_dagrun for data_ingestion_gcs_dag to 2022-09-17T00:00:00+00:00, run_after=2022-09-18T00:00:00+00:00
[2022-09-17T11:14:47.379+0000] {processor.py:161} INFO - Processing /opt/airflow/dags/data_ingestion_gcs_dag.py took 0.885 seconds
[2022-09-17T11:15:17.504+0000] {processor.py:153} INFO - Started process (PID=546) to work on /opt/airflow/dags/data_ingestion_gcs_dag.py
[2022-09-17T11:15:17.507+0000] {processor.py:640} INFO - Processing file /opt/airflow/dags/data_ingestion_gcs_dag.py for tasks to queue
[2022-09-17T11:15:17.509+0000] {logging_mixin.py:115} INFO - [2022-09-17T11:15:17.509+0000] {dagbag.py:508} INFO - Filling up the DagBag from /opt/airflow/dags/data_ingestion_gcs_dag.py
[2022-09-17T11:15:18.347+0000] {processor.py:650} INFO - DAG(s) dict_keys(['data_ingestion_gcs_dag']) retrieved from /opt/airflow/dags/data_ingestion_gcs_dag.py
[2022-09-17T11:15:18.383+0000] {logging_mixin.py:115} INFO - [2022-09-17T11:15:18.383+0000] {dag.py:2429} INFO - Sync 1 DAGs
[2022-09-17T11:15:18.407+0000] {logging_mixin.py:115} INFO - [2022-09-17T11:15:18.407+0000] {dag.py:2981} INFO - Setting next_dagrun for data_ingestion_gcs_dag to 2022-09-17T00:00:00+00:00, run_after=2022-09-18T00:00:00+00:00
[2022-09-17T11:15:18.420+0000] {processor.py:161} INFO - Processing /opt/airflow/dags/data_ingestion_gcs_dag.py took 0.924 seconds
[2022-09-17T11:15:48.535+0000] {processor.py:153} INFO - Started process (PID=575) to work on /opt/airflow/dags/data_ingestion_gcs_dag.py
[2022-09-17T11:15:48.537+0000] {processor.py:640} INFO - Processing file /opt/airflow/dags/data_ingestion_gcs_dag.py for tasks to queue
[2022-09-17T11:15:48.538+0000] {logging_mixin.py:115} INFO - [2022-09-17T11:15:48.538+0000] {dagbag.py:508} INFO - Filling up the DagBag from /opt/airflow/dags/data_ingestion_gcs_dag.py
[2022-09-17T11:15:49.372+0000] {processor.py:650} INFO - DAG(s) dict_keys(['data_ingestion_gcs_dag']) retrieved from /opt/airflow/dags/data_ingestion_gcs_dag.py
[2022-09-17T11:15:49.397+0000] {logging_mixin.py:115} INFO - [2022-09-17T11:15:49.397+0000] {dag.py:2429} INFO - Sync 1 DAGs
[2022-09-17T11:15:49.422+0000] {logging_mixin.py:115} INFO - [2022-09-17T11:15:49.422+0000] {dag.py:2981} INFO - Setting next_dagrun for data_ingestion_gcs_dag to 2022-09-17T00:00:00+00:00, run_after=2022-09-18T00:00:00+00:00
[2022-09-17T11:15:49.435+0000] {processor.py:161} INFO - Processing /opt/airflow/dags/data_ingestion_gcs_dag.py took 0.905 seconds
[2022-09-17T11:16:09.501+0000] {processor.py:153} INFO - Started process (PID=595) to work on /opt/airflow/dags/data_ingestion_gcs_dag.py
[2022-09-17T11:16:09.503+0000] {processor.py:640} INFO - Processing file /opt/airflow/dags/data_ingestion_gcs_dag.py for tasks to queue
[2022-09-17T11:16:09.505+0000] {logging_mixin.py:115} INFO - [2022-09-17T11:16:09.504+0000] {dagbag.py:508} INFO - Filling up the DagBag from /opt/airflow/dags/data_ingestion_gcs_dag.py
[2022-09-17T11:16:10.312+0000] {processor.py:650} INFO - DAG(s) dict_keys(['data_ingestion_gcs_dag']) retrieved from /opt/airflow/dags/data_ingestion_gcs_dag.py
[2022-09-17T11:16:10.382+0000] {logging_mixin.py:115} INFO - [2022-09-17T11:16:10.381+0000] {dag.py:2429} INFO - Sync 1 DAGs
[2022-09-17T11:16:10.412+0000] {logging_mixin.py:115} INFO - [2022-09-17T11:16:10.411+0000] {dag.py:2981} INFO - Setting next_dagrun for data_ingestion_gcs_dag to 2022-09-17T00:00:00+00:00, run_after=2022-09-18T00:00:00+00:00
[2022-09-17T11:16:10.443+0000] {processor.py:161} INFO - Processing /opt/airflow/dags/data_ingestion_gcs_dag.py took 0.946 seconds
[2022-09-17T11:19:25.621+0000] {processor.py:153} INFO - Started process (PID=46) to work on /opt/airflow/dags/data_ingestion_gcs_dag.py
[2022-09-17T11:19:25.623+0000] {processor.py:640} INFO - Processing file /opt/airflow/dags/data_ingestion_gcs_dag.py for tasks to queue
[2022-09-17T11:19:25.626+0000] {logging_mixin.py:115} INFO - [2022-09-17T11:19:25.625+0000] {dagbag.py:508} INFO - Filling up the DagBag from /opt/airflow/dags/data_ingestion_gcs_dag.py
[2022-09-17T11:19:26.905+0000] {processor.py:650} INFO - DAG(s) dict_keys(['data_ingestion_gcs_dag']) retrieved from /opt/airflow/dags/data_ingestion_gcs_dag.py
[2022-09-17T11:19:26.977+0000] {logging_mixin.py:115} INFO - [2022-09-17T11:19:26.976+0000] {dag.py:2429} INFO - Sync 1 DAGs
[2022-09-17T11:19:27.046+0000] {logging_mixin.py:115} INFO - [2022-09-17T11:19:27.045+0000] {dag.py:2981} INFO - Setting next_dagrun for data_ingestion_gcs_dag to 2022-09-17T00:00:00+00:00, run_after=2022-09-18T00:00:00+00:00
[2022-09-17T11:19:27.106+0000] {processor.py:161} INFO - Processing /opt/airflow/dags/data_ingestion_gcs_dag.py took 1.490 seconds
[2022-09-17T11:19:57.300+0000] {processor.py:153} INFO - Started process (PID=74) to work on /opt/airflow/dags/data_ingestion_gcs_dag.py
[2022-09-17T11:19:57.301+0000] {processor.py:640} INFO - Processing file /opt/airflow/dags/data_ingestion_gcs_dag.py for tasks to queue
[2022-09-17T11:19:57.302+0000] {logging_mixin.py:115} INFO - [2022-09-17T11:19:57.302+0000] {dagbag.py:508} INFO - Filling up the DagBag from /opt/airflow/dags/data_ingestion_gcs_dag.py
[2022-09-17T11:19:58.120+0000] {processor.py:650} INFO - DAG(s) dict_keys(['data_ingestion_gcs_dag']) retrieved from /opt/airflow/dags/data_ingestion_gcs_dag.py
[2022-09-17T11:19:58.306+0000] {logging_mixin.py:115} INFO - [2022-09-17T11:19:58.305+0000] {dag.py:2429} INFO - Sync 1 DAGs
[2022-09-17T11:19:58.353+0000] {processor.py:161} INFO - Processing /opt/airflow/dags/data_ingestion_gcs_dag.py took 1.057 seconds
[2022-09-17T11:20:28.604+0000] {processor.py:153} INFO - Started process (PID=103) to work on /opt/airflow/dags/data_ingestion_gcs_dag.py
[2022-09-17T11:20:28.606+0000] {processor.py:640} INFO - Processing file /opt/airflow/dags/data_ingestion_gcs_dag.py for tasks to queue
[2022-09-17T11:20:28.608+0000] {logging_mixin.py:115} INFO - [2022-09-17T11:20:28.608+0000] {dagbag.py:508} INFO - Filling up the DagBag from /opt/airflow/dags/data_ingestion_gcs_dag.py
[2022-09-17T11:20:29.510+0000] {processor.py:650} INFO - DAG(s) dict_keys(['data_ingestion_gcs_dag']) retrieved from /opt/airflow/dags/data_ingestion_gcs_dag.py
[2022-09-17T11:20:29.657+0000] {logging_mixin.py:115} INFO - [2022-09-17T11:20:29.657+0000] {dag.py:2429} INFO - Sync 1 DAGs
[2022-09-17T11:20:29.696+0000] {processor.py:161} INFO - Processing /opt/airflow/dags/data_ingestion_gcs_dag.py took 1.103 seconds
[2022-09-17T11:20:59.808+0000] {processor.py:153} INFO - Started process (PID=123) to work on /opt/airflow/dags/data_ingestion_gcs_dag.py
[2022-09-17T11:20:59.812+0000] {processor.py:640} INFO - Processing file /opt/airflow/dags/data_ingestion_gcs_dag.py for tasks to queue
[2022-09-17T11:20:59.814+0000] {logging_mixin.py:115} INFO - [2022-09-17T11:20:59.814+0000] {dagbag.py:508} INFO - Filling up the DagBag from /opt/airflow/dags/data_ingestion_gcs_dag.py
[2022-09-17T11:21:00.549+0000] {processor.py:650} INFO - DAG(s) dict_keys(['data_ingestion_gcs_dag']) retrieved from /opt/airflow/dags/data_ingestion_gcs_dag.py
[2022-09-17T11:21:00.726+0000] {logging_mixin.py:115} INFO - [2022-09-17T11:21:00.725+0000] {dag.py:2429} INFO - Sync 1 DAGs
[2022-09-17T11:21:00.762+0000] {processor.py:161} INFO - Processing /opt/airflow/dags/data_ingestion_gcs_dag.py took 0.961 seconds
[2022-09-17T11:21:30.878+0000] {processor.py:153} INFO - Started process (PID=154) to work on /opt/airflow/dags/data_ingestion_gcs_dag.py
[2022-09-17T11:21:30.880+0000] {processor.py:640} INFO - Processing file /opt/airflow/dags/data_ingestion_gcs_dag.py for tasks to queue
[2022-09-17T11:21:30.882+0000] {logging_mixin.py:115} INFO - [2022-09-17T11:21:30.882+0000] {dagbag.py:508} INFO - Filling up the DagBag from /opt/airflow/dags/data_ingestion_gcs_dag.py
[2022-09-17T11:21:31.570+0000] {processor.py:650} INFO - DAG(s) dict_keys(['data_ingestion_gcs_dag']) retrieved from /opt/airflow/dags/data_ingestion_gcs_dag.py
[2022-09-17T11:21:31.717+0000] {logging_mixin.py:115} INFO - [2022-09-17T11:21:31.716+0000] {dag.py:2429} INFO - Sync 1 DAGs
[2022-09-17T11:21:31.750+0000] {processor.py:161} INFO - Processing /opt/airflow/dags/data_ingestion_gcs_dag.py took 0.878 seconds
[2022-09-17T11:22:01.876+0000] {processor.py:153} INFO - Started process (PID=183) to work on /opt/airflow/dags/data_ingestion_gcs_dag.py
[2022-09-17T11:22:01.878+0000] {processor.py:640} INFO - Processing file /opt/airflow/dags/data_ingestion_gcs_dag.py for tasks to queue
[2022-09-17T11:22:01.879+0000] {logging_mixin.py:115} INFO - [2022-09-17T11:22:01.879+0000] {dagbag.py:508} INFO - Filling up the DagBag from /opt/airflow/dags/data_ingestion_gcs_dag.py
[2022-09-17T11:22:02.597+0000] {processor.py:650} INFO - DAG(s) dict_keys(['data_ingestion_gcs_dag']) retrieved from /opt/airflow/dags/data_ingestion_gcs_dag.py
[2022-09-17T11:22:02.754+0000] {logging_mixin.py:115} INFO - [2022-09-17T11:22:02.754+0000] {dag.py:2429} INFO - Sync 1 DAGs
[2022-09-17T11:22:02.791+0000] {processor.py:161} INFO - Processing /opt/airflow/dags/data_ingestion_gcs_dag.py took 0.920 seconds
[2022-09-17T11:22:32.939+0000] {processor.py:153} INFO - Started process (PID=214) to work on /opt/airflow/dags/data_ingestion_gcs_dag.py
[2022-09-17T11:22:32.942+0000] {processor.py:640} INFO - Processing file /opt/airflow/dags/data_ingestion_gcs_dag.py for tasks to queue
[2022-09-17T11:22:32.944+0000] {logging_mixin.py:115} INFO - [2022-09-17T11:22:32.944+0000] {dagbag.py:508} INFO - Filling up the DagBag from /opt/airflow/dags/data_ingestion_gcs_dag.py
[2022-09-17T11:22:33.850+0000] {processor.py:650} INFO - DAG(s) dict_keys(['data_ingestion_gcs_dag']) retrieved from /opt/airflow/dags/data_ingestion_gcs_dag.py
[2022-09-17T11:22:34.019+0000] {logging_mixin.py:115} INFO - [2022-09-17T11:22:34.018+0000] {dag.py:2429} INFO - Sync 1 DAGs
[2022-09-17T11:22:34.057+0000] {processor.py:161} INFO - Processing /opt/airflow/dags/data_ingestion_gcs_dag.py took 1.126 seconds
[2022-09-17T11:23:04.149+0000] {processor.py:153} INFO - Started process (PID=234) to work on /opt/airflow/dags/data_ingestion_gcs_dag.py
[2022-09-17T11:23:04.151+0000] {processor.py:640} INFO - Processing file /opt/airflow/dags/data_ingestion_gcs_dag.py for tasks to queue
[2022-09-17T11:23:04.153+0000] {logging_mixin.py:115} INFO - [2022-09-17T11:23:04.152+0000] {dagbag.py:508} INFO - Filling up the DagBag from /opt/airflow/dags/data_ingestion_gcs_dag.py
[2022-09-17T11:23:04.816+0000] {processor.py:650} INFO - DAG(s) dict_keys(['data_ingestion_gcs_dag']) retrieved from /opt/airflow/dags/data_ingestion_gcs_dag.py
[2022-09-17T11:23:04.949+0000] {logging_mixin.py:115} INFO - [2022-09-17T11:23:04.948+0000] {dag.py:2429} INFO - Sync 1 DAGs
[2022-09-17T11:23:04.987+0000] {processor.py:161} INFO - Processing /opt/airflow/dags/data_ingestion_gcs_dag.py took 0.842 seconds
[2022-09-17T11:23:35.111+0000] {processor.py:153} INFO - Started process (PID=263) to work on /opt/airflow/dags/data_ingestion_gcs_dag.py
[2022-09-17T11:23:35.113+0000] {processor.py:640} INFO - Processing file /opt/airflow/dags/data_ingestion_gcs_dag.py for tasks to queue
[2022-09-17T11:23:35.114+0000] {logging_mixin.py:115} INFO - [2022-09-17T11:23:35.114+0000] {dagbag.py:508} INFO - Filling up the DagBag from /opt/airflow/dags/data_ingestion_gcs_dag.py
[2022-09-17T11:23:35.760+0000] {processor.py:650} INFO - DAG(s) dict_keys(['data_ingestion_gcs_dag']) retrieved from /opt/airflow/dags/data_ingestion_gcs_dag.py
[2022-09-17T11:23:35.913+0000] {logging_mixin.py:115} INFO - [2022-09-17T11:23:35.913+0000] {dag.py:2429} INFO - Sync 1 DAGs
[2022-09-17T11:23:35.949+0000] {processor.py:161} INFO - Processing /opt/airflow/dags/data_ingestion_gcs_dag.py took 0.844 seconds
[2022-09-17T11:24:06.081+0000] {processor.py:153} INFO - Started process (PID=293) to work on /opt/airflow/dags/data_ingestion_gcs_dag.py
[2022-09-17T11:24:06.083+0000] {processor.py:640} INFO - Processing file /opt/airflow/dags/data_ingestion_gcs_dag.py for tasks to queue
[2022-09-17T11:24:06.084+0000] {logging_mixin.py:115} INFO - [2022-09-17T11:24:06.084+0000] {dagbag.py:508} INFO - Filling up the DagBag from /opt/airflow/dags/data_ingestion_gcs_dag.py
[2022-09-17T11:24:06.935+0000] {processor.py:650} INFO - DAG(s) dict_keys(['data_ingestion_gcs_dag']) retrieved from /opt/airflow/dags/data_ingestion_gcs_dag.py
[2022-09-17T11:24:07.174+0000] {logging_mixin.py:115} INFO - [2022-09-17T11:24:07.174+0000] {dag.py:2429} INFO - Sync 1 DAGs
[2022-09-17T11:24:07.242+0000] {processor.py:161} INFO - Processing /opt/airflow/dags/data_ingestion_gcs_dag.py took 1.190 seconds
[2022-09-17T11:24:37.321+0000] {processor.py:153} INFO - Started process (PID=312) to work on /opt/airflow/dags/data_ingestion_gcs_dag.py
[2022-09-17T11:24:37.322+0000] {processor.py:640} INFO - Processing file /opt/airflow/dags/data_ingestion_gcs_dag.py for tasks to queue
[2022-09-17T11:24:37.323+0000] {logging_mixin.py:115} INFO - [2022-09-17T11:24:37.323+0000] {dagbag.py:508} INFO - Filling up the DagBag from /opt/airflow/dags/data_ingestion_gcs_dag.py
[2022-09-17T11:24:38.155+0000] {processor.py:650} INFO - DAG(s) dict_keys(['data_ingestion_gcs_dag']) retrieved from /opt/airflow/dags/data_ingestion_gcs_dag.py
[2022-09-17T11:24:38.181+0000] {logging_mixin.py:115} INFO - [2022-09-17T11:24:38.181+0000] {dag.py:2429} INFO - Sync 1 DAGs
[2022-09-17T11:24:38.215+0000] {processor.py:161} INFO - Processing /opt/airflow/dags/data_ingestion_gcs_dag.py took 0.899 seconds
[2022-09-17T11:25:08.346+0000] {processor.py:153} INFO - Started process (PID=341) to work on /opt/airflow/dags/data_ingestion_gcs_dag.py
[2022-09-17T11:25:08.348+0000] {processor.py:640} INFO - Processing file /opt/airflow/dags/data_ingestion_gcs_dag.py for tasks to queue
[2022-09-17T11:25:08.350+0000] {logging_mixin.py:115} INFO - [2022-09-17T11:25:08.349+0000] {dagbag.py:508} INFO - Filling up the DagBag from /opt/airflow/dags/data_ingestion_gcs_dag.py
[2022-09-17T11:25:09.288+0000] {processor.py:650} INFO - DAG(s) dict_keys(['data_ingestion_gcs_dag']) retrieved from /opt/airflow/dags/data_ingestion_gcs_dag.py
[2022-09-17T11:25:09.314+0000] {logging_mixin.py:115} INFO - [2022-09-17T11:25:09.314+0000] {dag.py:2429} INFO - Sync 1 DAGs
[2022-09-17T11:25:09.343+0000] {logging_mixin.py:115} INFO - [2022-09-17T11:25:09.343+0000] {dag.py:2981} INFO - Setting next_dagrun for data_ingestion_gcs_dag to 2022-09-17T00:00:00+00:00, run_after=2022-09-18T00:00:00+00:00
[2022-09-17T11:25:09.360+0000] {processor.py:161} INFO - Processing /opt/airflow/dags/data_ingestion_gcs_dag.py took 1.020 seconds
[2022-09-17T11:25:39.443+0000] {processor.py:153} INFO - Started process (PID=370) to work on /opt/airflow/dags/data_ingestion_gcs_dag.py
[2022-09-17T11:25:39.445+0000] {processor.py:640} INFO - Processing file /opt/airflow/dags/data_ingestion_gcs_dag.py for tasks to queue
[2022-09-17T11:25:39.447+0000] {logging_mixin.py:115} INFO - [2022-09-17T11:25:39.447+0000] {dagbag.py:508} INFO - Filling up the DagBag from /opt/airflow/dags/data_ingestion_gcs_dag.py
[2022-09-17T11:25:40.224+0000] {processor.py:650} INFO - DAG(s) dict_keys(['data_ingestion_gcs_dag']) retrieved from /opt/airflow/dags/data_ingestion_gcs_dag.py
[2022-09-17T11:25:40.250+0000] {logging_mixin.py:115} INFO - [2022-09-17T11:25:40.250+0000] {dag.py:2429} INFO - Sync 1 DAGs
[2022-09-17T11:25:40.277+0000] {logging_mixin.py:115} INFO - [2022-09-17T11:25:40.277+0000] {dag.py:2981} INFO - Setting next_dagrun for data_ingestion_gcs_dag to 2022-09-17T00:00:00+00:00, run_after=2022-09-18T00:00:00+00:00
[2022-09-17T11:25:40.289+0000] {processor.py:161} INFO - Processing /opt/airflow/dags/data_ingestion_gcs_dag.py took 0.850 seconds
[2022-09-17T12:23:54.824+0000] {processor.py:153} INFO - Started process (PID=46) to work on /opt/airflow/dags/data_ingestion_gcs_dag.py
[2022-09-17T12:23:54.829+0000] {processor.py:640} INFO - Processing file /opt/airflow/dags/data_ingestion_gcs_dag.py for tasks to queue
[2022-09-17T12:23:54.831+0000] {logging_mixin.py:115} INFO - [2022-09-17T12:23:54.831+0000] {dagbag.py:508} INFO - Filling up the DagBag from /opt/airflow/dags/data_ingestion_gcs_dag.py
[2022-09-17T12:23:56.184+0000] {processor.py:650} INFO - DAG(s) dict_keys(['data_ingestion_gcs_dag']) retrieved from /opt/airflow/dags/data_ingestion_gcs_dag.py
[2022-09-17T12:23:56.326+0000] {logging_mixin.py:115} INFO - [2022-09-17T12:23:56.325+0000] {dag.py:2429} INFO - Sync 1 DAGs
[2022-09-17T12:23:56.454+0000] {logging_mixin.py:115} INFO - [2022-09-17T12:23:56.454+0000] {dag.py:2981} INFO - Setting next_dagrun for data_ingestion_gcs_dag to 2022-09-17T00:00:00+00:00, run_after=2022-09-18T00:00:00+00:00
[2022-09-17T12:23:56.528+0000] {processor.py:161} INFO - Processing /opt/airflow/dags/data_ingestion_gcs_dag.py took 1.754 seconds
[2022-09-17T12:24:26.672+0000] {processor.py:153} INFO - Started process (PID=75) to work on /opt/airflow/dags/data_ingestion_gcs_dag.py
[2022-09-17T12:24:26.674+0000] {processor.py:640} INFO - Processing file /opt/airflow/dags/data_ingestion_gcs_dag.py for tasks to queue
[2022-09-17T12:24:26.675+0000] {logging_mixin.py:115} INFO - [2022-09-17T12:24:26.675+0000] {dagbag.py:508} INFO - Filling up the DagBag from /opt/airflow/dags/data_ingestion_gcs_dag.py
[2022-09-17T12:24:27.381+0000] {processor.py:650} INFO - DAG(s) dict_keys(['data_ingestion_gcs_dag']) retrieved from /opt/airflow/dags/data_ingestion_gcs_dag.py
[2022-09-17T12:24:27.526+0000] {logging_mixin.py:115} INFO - [2022-09-17T12:24:27.526+0000] {dag.py:2429} INFO - Sync 1 DAGs
[2022-09-17T12:24:27.551+0000] {logging_mixin.py:115} INFO - [2022-09-17T12:24:27.551+0000] {dag.py:2981} INFO - Setting next_dagrun for data_ingestion_gcs_dag to 2022-09-17T00:00:00+00:00, run_after=2022-09-18T00:00:00+00:00
[2022-09-17T12:24:27.565+0000] {processor.py:161} INFO - Processing /opt/airflow/dags/data_ingestion_gcs_dag.py took 0.897 seconds
[2022-09-17T12:24:57.660+0000] {processor.py:153} INFO - Started process (PID=105) to work on /opt/airflow/dags/data_ingestion_gcs_dag.py
[2022-09-17T12:24:57.662+0000] {processor.py:640} INFO - Processing file /opt/airflow/dags/data_ingestion_gcs_dag.py for tasks to queue
[2022-09-17T12:24:57.663+0000] {logging_mixin.py:115} INFO - [2022-09-17T12:24:57.663+0000] {dagbag.py:508} INFO - Filling up the DagBag from /opt/airflow/dags/data_ingestion_gcs_dag.py
[2022-09-17T12:24:58.380+0000] {processor.py:650} INFO - DAG(s) dict_keys(['data_ingestion_gcs_dag']) retrieved from /opt/airflow/dags/data_ingestion_gcs_dag.py
[2022-09-17T12:24:58.546+0000] {logging_mixin.py:115} INFO - [2022-09-17T12:24:58.545+0000] {dag.py:2429} INFO - Sync 1 DAGs
[2022-09-17T12:24:58.569+0000] {logging_mixin.py:115} INFO - [2022-09-17T12:24:58.569+0000] {dag.py:2981} INFO - Setting next_dagrun for data_ingestion_gcs_dag to 2022-09-17T00:00:00+00:00, run_after=2022-09-18T00:00:00+00:00
[2022-09-17T12:24:58.582+0000] {processor.py:161} INFO - Processing /opt/airflow/dags/data_ingestion_gcs_dag.py took 0.927 seconds
[2022-09-17T12:25:28.697+0000] {processor.py:153} INFO - Started process (PID=134) to work on /opt/airflow/dags/data_ingestion_gcs_dag.py
[2022-09-17T12:25:28.698+0000] {processor.py:640} INFO - Processing file /opt/airflow/dags/data_ingestion_gcs_dag.py for tasks to queue
[2022-09-17T12:25:28.699+0000] {logging_mixin.py:115} INFO - [2022-09-17T12:25:28.699+0000] {dagbag.py:508} INFO - Filling up the DagBag from /opt/airflow/dags/data_ingestion_gcs_dag.py
[2022-09-17T12:25:29.490+0000] {processor.py:650} INFO - DAG(s) dict_keys(['data_ingestion_gcs_dag']) retrieved from /opt/airflow/dags/data_ingestion_gcs_dag.py
[2022-09-17T12:25:29.637+0000] {logging_mixin.py:115} INFO - [2022-09-17T12:25:29.637+0000] {dag.py:2429} INFO - Sync 1 DAGs
[2022-09-17T12:25:29.731+0000] {processor.py:161} INFO - Processing /opt/airflow/dags/data_ingestion_gcs_dag.py took 1.042 seconds
[2022-09-17T12:25:59.853+0000] {processor.py:153} INFO - Started process (PID=155) to work on /opt/airflow/dags/data_ingestion_gcs_dag.py
[2022-09-17T12:25:59.855+0000] {processor.py:640} INFO - Processing file /opt/airflow/dags/data_ingestion_gcs_dag.py for tasks to queue
[2022-09-17T12:25:59.857+0000] {logging_mixin.py:115} INFO - [2022-09-17T12:25:59.857+0000] {dagbag.py:508} INFO - Filling up the DagBag from /opt/airflow/dags/data_ingestion_gcs_dag.py
[2022-09-17T12:26:00.507+0000] {processor.py:650} INFO - DAG(s) dict_keys(['data_ingestion_gcs_dag']) retrieved from /opt/airflow/dags/data_ingestion_gcs_dag.py
[2022-09-17T12:26:00.650+0000] {logging_mixin.py:115} INFO - [2022-09-17T12:26:00.649+0000] {dag.py:2429} INFO - Sync 1 DAGs
[2022-09-17T12:26:00.683+0000] {processor.py:161} INFO - Processing /opt/airflow/dags/data_ingestion_gcs_dag.py took 0.834 seconds
[2022-09-17T12:26:30.810+0000] {processor.py:153} INFO - Started process (PID=183) to work on /opt/airflow/dags/data_ingestion_gcs_dag.py
[2022-09-17T12:26:30.812+0000] {processor.py:640} INFO - Processing file /opt/airflow/dags/data_ingestion_gcs_dag.py for tasks to queue
[2022-09-17T12:26:30.813+0000] {logging_mixin.py:115} INFO - [2022-09-17T12:26:30.813+0000] {dagbag.py:508} INFO - Filling up the DagBag from /opt/airflow/dags/data_ingestion_gcs_dag.py
[2022-09-17T12:26:31.452+0000] {processor.py:650} INFO - DAG(s) dict_keys(['data_ingestion_gcs_dag']) retrieved from /opt/airflow/dags/data_ingestion_gcs_dag.py
[2022-09-17T12:26:31.595+0000] {logging_mixin.py:115} INFO - [2022-09-17T12:26:31.594+0000] {dag.py:2429} INFO - Sync 1 DAGs
[2022-09-17T12:26:31.630+0000] {processor.py:161} INFO - Processing /opt/airflow/dags/data_ingestion_gcs_dag.py took 0.824 seconds
[2022-09-17T12:27:01.757+0000] {processor.py:153} INFO - Started process (PID=212) to work on /opt/airflow/dags/data_ingestion_gcs_dag.py
[2022-09-17T12:27:01.759+0000] {processor.py:640} INFO - Processing file /opt/airflow/dags/data_ingestion_gcs_dag.py for tasks to queue
[2022-09-17T12:27:01.761+0000] {logging_mixin.py:115} INFO - [2022-09-17T12:27:01.761+0000] {dagbag.py:508} INFO - Filling up the DagBag from /opt/airflow/dags/data_ingestion_gcs_dag.py
[2022-09-17T12:27:02.493+0000] {processor.py:650} INFO - DAG(s) dict_keys(['data_ingestion_gcs_dag']) retrieved from /opt/airflow/dags/data_ingestion_gcs_dag.py
[2022-09-17T12:27:02.637+0000] {logging_mixin.py:115} INFO - [2022-09-17T12:27:02.637+0000] {dag.py:2429} INFO - Sync 1 DAGs
[2022-09-17T12:27:02.679+0000] {processor.py:161} INFO - Processing /opt/airflow/dags/data_ingestion_gcs_dag.py took 0.927 seconds
[2022-09-17T12:27:32.793+0000] {processor.py:153} INFO - Started process (PID=233) to work on /opt/airflow/dags/data_ingestion_gcs_dag.py
[2022-09-17T12:27:32.795+0000] {processor.py:640} INFO - Processing file /opt/airflow/dags/data_ingestion_gcs_dag.py for tasks to queue
[2022-09-17T12:27:32.796+0000] {logging_mixin.py:115} INFO - [2022-09-17T12:27:32.796+0000] {dagbag.py:508} INFO - Filling up the DagBag from /opt/airflow/dags/data_ingestion_gcs_dag.py
[2022-09-17T12:27:33.456+0000] {processor.py:650} INFO - DAG(s) dict_keys(['data_ingestion_gcs_dag']) retrieved from /opt/airflow/dags/data_ingestion_gcs_dag.py
[2022-09-17T12:27:33.597+0000] {logging_mixin.py:115} INFO - [2022-09-17T12:27:33.596+0000] {dag.py:2429} INFO - Sync 1 DAGs
[2022-09-17T12:27:33.634+0000] {processor.py:161} INFO - Processing /opt/airflow/dags/data_ingestion_gcs_dag.py took 0.846 seconds
[2022-09-17T12:28:03.834+0000] {processor.py:153} INFO - Started process (PID=263) to work on /opt/airflow/dags/data_ingestion_gcs_dag.py
[2022-09-17T12:28:03.838+0000] {processor.py:640} INFO - Processing file /opt/airflow/dags/data_ingestion_gcs_dag.py for tasks to queue
[2022-09-17T12:28:03.840+0000] {logging_mixin.py:115} INFO - [2022-09-17T12:28:03.839+0000] {dagbag.py:508} INFO - Filling up the DagBag from /opt/airflow/dags/data_ingestion_gcs_dag.py
[2022-09-17T12:28:04.772+0000] {processor.py:650} INFO - DAG(s) dict_keys(['data_ingestion_gcs_dag']) retrieved from /opt/airflow/dags/data_ingestion_gcs_dag.py
[2022-09-17T12:28:04.961+0000] {logging_mixin.py:115} INFO - [2022-09-17T12:28:04.961+0000] {dag.py:2429} INFO - Sync 1 DAGs
[2022-09-17T12:28:05.001+0000] {processor.py:161} INFO - Processing /opt/airflow/dags/data_ingestion_gcs_dag.py took 1.172 seconds
[2022-09-17T12:28:22.863+0000] {processor.py:153} INFO - Started process (PID=283) to work on /opt/airflow/dags/data_ingestion_gcs_dag.py
[2022-09-17T12:28:22.865+0000] {processor.py:640} INFO - Processing file /opt/airflow/dags/data_ingestion_gcs_dag.py for tasks to queue
[2022-09-17T12:28:22.866+0000] {logging_mixin.py:115} INFO - [2022-09-17T12:28:22.866+0000] {dagbag.py:508} INFO - Filling up the DagBag from /opt/airflow/dags/data_ingestion_gcs_dag.py
[2022-09-17T12:28:23.596+0000] {processor.py:650} INFO - DAG(s) dict_keys(['data_ingestion_gcs_dag']) retrieved from /opt/airflow/dags/data_ingestion_gcs_dag.py
[2022-09-17T12:28:23.761+0000] {logging_mixin.py:115} INFO - [2022-09-17T12:28:23.761+0000] {dag.py:2429} INFO - Sync 1 DAGs
[2022-09-17T12:28:23.804+0000] {processor.py:161} INFO - Processing /opt/airflow/dags/data_ingestion_gcs_dag.py took 0.945 seconds
[2022-09-17T12:28:53.927+0000] {processor.py:153} INFO - Started process (PID=303) to work on /opt/airflow/dags/data_ingestion_gcs_dag.py
[2022-09-17T12:28:53.931+0000] {processor.py:640} INFO - Processing file /opt/airflow/dags/data_ingestion_gcs_dag.py for tasks to queue
[2022-09-17T12:28:53.933+0000] {logging_mixin.py:115} INFO - [2022-09-17T12:28:53.932+0000] {dagbag.py:508} INFO - Filling up the DagBag from /opt/airflow/dags/data_ingestion_gcs_dag.py
[2022-09-17T12:28:55.040+0000] {processor.py:650} INFO - DAG(s) dict_keys(['data_ingestion_gcs_dag']) retrieved from /opt/airflow/dags/data_ingestion_gcs_dag.py
[2022-09-17T12:28:55.192+0000] {logging_mixin.py:115} INFO - [2022-09-17T12:28:55.192+0000] {dag.py:2429} INFO - Sync 1 DAGs
[2022-09-17T12:28:55.222+0000] {logging_mixin.py:115} INFO - [2022-09-17T12:28:55.221+0000] {dag.py:2981} INFO - Setting next_dagrun for data_ingestion_gcs_dag to 2022-09-17T00:00:00+00:00, run_after=2022-09-18T00:00:00+00:00
[2022-09-17T12:28:55.235+0000] {processor.py:161} INFO - Processing /opt/airflow/dags/data_ingestion_gcs_dag.py took 1.313 seconds
[2022-09-17T12:29:25.320+0000] {processor.py:153} INFO - Started process (PID=333) to work on /opt/airflow/dags/data_ingestion_gcs_dag.py
[2022-09-17T12:29:25.322+0000] {processor.py:640} INFO - Processing file /opt/airflow/dags/data_ingestion_gcs_dag.py for tasks to queue
[2022-09-17T12:29:25.324+0000] {logging_mixin.py:115} INFO - [2022-09-17T12:29:25.324+0000] {dagbag.py:508} INFO - Filling up the DagBag from /opt/airflow/dags/data_ingestion_gcs_dag.py
[2022-09-17T12:29:26.243+0000] {processor.py:650} INFO - DAG(s) dict_keys(['data_ingestion_gcs_dag']) retrieved from /opt/airflow/dags/data_ingestion_gcs_dag.py
[2022-09-17T12:29:26.271+0000] {logging_mixin.py:115} INFO - [2022-09-17T12:29:26.271+0000] {dag.py:2429} INFO - Sync 1 DAGs
[2022-09-17T12:29:26.310+0000] {processor.py:161} INFO - Processing /opt/airflow/dags/data_ingestion_gcs_dag.py took 0.996 seconds
[2022-09-17T12:33:33.020+0000] {processor.py:153} INFO - Started process (PID=46) to work on /opt/airflow/dags/data_ingestion_gcs_dag.py
[2022-09-17T12:33:33.023+0000] {processor.py:640} INFO - Processing file /opt/airflow/dags/data_ingestion_gcs_dag.py for tasks to queue
[2022-09-17T12:33:33.025+0000] {logging_mixin.py:115} INFO - [2022-09-17T12:33:33.025+0000] {dagbag.py:508} INFO - Filling up the DagBag from /opt/airflow/dags/data_ingestion_gcs_dag.py
[2022-09-17T12:33:34.129+0000] {processor.py:650} INFO - DAG(s) dict_keys(['data_ingestion_gcs_dag']) retrieved from /opt/airflow/dags/data_ingestion_gcs_dag.py
[2022-09-17T12:33:34.169+0000] {logging_mixin.py:115} INFO - [2022-09-17T12:33:34.168+0000] {dag.py:2429} INFO - Sync 1 DAGs
[2022-09-17T12:33:34.206+0000] {logging_mixin.py:115} INFO - [2022-09-17T12:33:34.206+0000] {dag.py:2981} INFO - Setting next_dagrun for data_ingestion_gcs_dag to 2022-09-17T00:00:00+00:00, run_after=2022-09-18T00:00:00+00:00
[2022-09-17T12:33:34.245+0000] {processor.py:161} INFO - Processing /opt/airflow/dags/data_ingestion_gcs_dag.py took 1.231 seconds
[2022-09-17T12:34:04.338+0000] {processor.py:153} INFO - Started process (PID=75) to work on /opt/airflow/dags/data_ingestion_gcs_dag.py
[2022-09-17T12:34:04.340+0000] {processor.py:640} INFO - Processing file /opt/airflow/dags/data_ingestion_gcs_dag.py for tasks to queue
[2022-09-17T12:34:04.341+0000] {logging_mixin.py:115} INFO - [2022-09-17T12:34:04.341+0000] {dagbag.py:508} INFO - Filling up the DagBag from /opt/airflow/dags/data_ingestion_gcs_dag.py
[2022-09-17T12:34:05.044+0000] {processor.py:650} INFO - DAG(s) dict_keys(['data_ingestion_gcs_dag']) retrieved from /opt/airflow/dags/data_ingestion_gcs_dag.py
[2022-09-17T12:34:05.187+0000] {logging_mixin.py:115} INFO - [2022-09-17T12:34:05.186+0000] {dag.py:2429} INFO - Sync 1 DAGs
[2022-09-17T12:34:05.214+0000] {logging_mixin.py:115} INFO - [2022-09-17T12:34:05.213+0000] {dag.py:2981} INFO - Setting next_dagrun for data_ingestion_gcs_dag to 2022-09-17T00:00:00+00:00, run_after=2022-09-18T00:00:00+00:00
[2022-09-17T12:34:05.227+0000] {processor.py:161} INFO - Processing /opt/airflow/dags/data_ingestion_gcs_dag.py took 0.893 seconds
[2022-09-17T12:34:35.330+0000] {processor.py:153} INFO - Started process (PID=105) to work on /opt/airflow/dags/data_ingestion_gcs_dag.py
[2022-09-17T12:34:35.332+0000] {processor.py:640} INFO - Processing file /opt/airflow/dags/data_ingestion_gcs_dag.py for tasks to queue
[2022-09-17T12:34:35.335+0000] {logging_mixin.py:115} INFO - [2022-09-17T12:34:35.335+0000] {dagbag.py:508} INFO - Filling up the DagBag from /opt/airflow/dags/data_ingestion_gcs_dag.py
[2022-09-17T12:34:36.168+0000] {processor.py:650} INFO - DAG(s) dict_keys(['data_ingestion_gcs_dag']) retrieved from /opt/airflow/dags/data_ingestion_gcs_dag.py
[2022-09-17T12:34:36.330+0000] {logging_mixin.py:115} INFO - [2022-09-17T12:34:36.330+0000] {dag.py:2429} INFO - Sync 1 DAGs
[2022-09-17T12:34:36.365+0000] {logging_mixin.py:115} INFO - [2022-09-17T12:34:36.365+0000] {dag.py:2981} INFO - Setting next_dagrun for data_ingestion_gcs_dag to 2022-09-17T00:00:00+00:00, run_after=2022-09-18T00:00:00+00:00
[2022-09-17T12:34:36.380+0000] {processor.py:161} INFO - Processing /opt/airflow/dags/data_ingestion_gcs_dag.py took 1.055 seconds
[2022-09-17T13:54:56.533+0000] {processor.py:153} INFO - Started process (PID=55) to work on /opt/airflow/dags/data_ingestion_gcs_dag.py
[2022-09-17T13:54:56.550+0000] {processor.py:640} INFO - Processing file /opt/airflow/dags/data_ingestion_gcs_dag.py for tasks to queue
[2022-09-17T13:54:56.562+0000] {logging_mixin.py:115} INFO - [2022-09-17T13:54:56.561+0000] {dagbag.py:508} INFO - Filling up the DagBag from /opt/airflow/dags/data_ingestion_gcs_dag.py
[2022-09-17T13:54:59.780+0000] {processor.py:650} INFO - DAG(s) dict_keys(['data_ingestion_gcs_dag']) retrieved from /opt/airflow/dags/data_ingestion_gcs_dag.py
[2022-09-17T13:54:59.877+0000] {logging_mixin.py:115} INFO - [2022-09-17T13:54:59.876+0000] {dag.py:2429} INFO - Sync 1 DAGs
[2022-09-17T13:54:59.948+0000] {processor.py:161} INFO - Processing /opt/airflow/dags/data_ingestion_gcs_dag.py took 3.437 seconds
[2022-09-17T13:55:30.059+0000] {processor.py:153} INFO - Started process (PID=75) to work on /opt/airflow/dags/data_ingestion_gcs_dag.py
[2022-09-17T13:55:30.062+0000] {processor.py:640} INFO - Processing file /opt/airflow/dags/data_ingestion_gcs_dag.py for tasks to queue
[2022-09-17T13:55:30.064+0000] {logging_mixin.py:115} INFO - [2022-09-17T13:55:30.064+0000] {dagbag.py:508} INFO - Filling up the DagBag from /opt/airflow/dags/data_ingestion_gcs_dag.py
[2022-09-17T13:55:31.262+0000] {processor.py:650} INFO - DAG(s) dict_keys(['data_ingestion_gcs_dag']) retrieved from /opt/airflow/dags/data_ingestion_gcs_dag.py
[2022-09-17T13:55:31.297+0000] {logging_mixin.py:115} INFO - [2022-09-17T13:55:31.296+0000] {dag.py:2429} INFO - Sync 1 DAGs
[2022-09-17T13:55:31.357+0000] {processor.py:161} INFO - Processing /opt/airflow/dags/data_ingestion_gcs_dag.py took 1.306 seconds
[2022-09-17T13:56:01.450+0000] {processor.py:153} INFO - Started process (PID=105) to work on /opt/airflow/dags/data_ingestion_gcs_dag.py
[2022-09-17T13:56:01.452+0000] {processor.py:640} INFO - Processing file /opt/airflow/dags/data_ingestion_gcs_dag.py for tasks to queue
[2022-09-17T13:56:01.453+0000] {logging_mixin.py:115} INFO - [2022-09-17T13:56:01.453+0000] {dagbag.py:508} INFO - Filling up the DagBag from /opt/airflow/dags/data_ingestion_gcs_dag.py
[2022-09-17T13:56:02.573+0000] {processor.py:650} INFO - DAG(s) dict_keys(['data_ingestion_gcs_dag']) retrieved from /opt/airflow/dags/data_ingestion_gcs_dag.py
[2022-09-17T13:56:02.600+0000] {logging_mixin.py:115} INFO - [2022-09-17T13:56:02.599+0000] {dag.py:2429} INFO - Sync 1 DAGs
[2022-09-17T13:56:02.626+0000] {logging_mixin.py:115} INFO - [2022-09-17T13:56:02.626+0000] {dag.py:2981} INFO - Setting next_dagrun for data_ingestion_gcs_dag to 2022-09-17T00:00:00+00:00, run_after=2022-09-18T00:00:00+00:00
[2022-09-17T13:56:02.642+0000] {processor.py:161} INFO - Processing /opt/airflow/dags/data_ingestion_gcs_dag.py took 1.198 seconds
[2022-09-17T13:56:19.466+0000] {processor.py:153} INFO - Started process (PID=125) to work on /opt/airflow/dags/data_ingestion_gcs_dag.py
[2022-09-17T13:56:19.467+0000] {processor.py:640} INFO - Processing file /opt/airflow/dags/data_ingestion_gcs_dag.py for tasks to queue
[2022-09-17T13:56:19.469+0000] {logging_mixin.py:115} INFO - [2022-09-17T13:56:19.469+0000] {dagbag.py:508} INFO - Filling up the DagBag from /opt/airflow/dags/data_ingestion_gcs_dag.py
[2022-09-17T13:56:20.448+0000] {processor.py:650} INFO - DAG(s) dict_keys(['data_ingestion_gcs_dag']) retrieved from /opt/airflow/dags/data_ingestion_gcs_dag.py
[2022-09-17T13:56:20.529+0000] {logging_mixin.py:115} INFO - [2022-09-17T13:56:20.528+0000] {dag.py:2429} INFO - Sync 1 DAGs
[2022-09-17T13:56:20.556+0000] {logging_mixin.py:115} INFO - [2022-09-17T13:56:20.556+0000] {dag.py:2981} INFO - Setting next_dagrun for data_ingestion_gcs_dag to 2022-09-17T00:00:00+00:00, run_after=2022-09-18T00:00:00+00:00
[2022-09-17T13:56:20.578+0000] {processor.py:161} INFO - Processing /opt/airflow/dags/data_ingestion_gcs_dag.py took 1.116 seconds
[2022-09-17T13:56:50.972+0000] {processor.py:153} INFO - Started process (PID=145) to work on /opt/airflow/dags/data_ingestion_gcs_dag.py
[2022-09-17T13:56:50.974+0000] {processor.py:640} INFO - Processing file /opt/airflow/dags/data_ingestion_gcs_dag.py for tasks to queue
[2022-09-17T13:56:50.975+0000] {logging_mixin.py:115} INFO - [2022-09-17T13:56:50.975+0000] {dagbag.py:508} INFO - Filling up the DagBag from /opt/airflow/dags/data_ingestion_gcs_dag.py
[2022-09-17T13:56:51.907+0000] {processor.py:650} INFO - DAG(s) dict_keys(['data_ingestion_gcs_dag']) retrieved from /opt/airflow/dags/data_ingestion_gcs_dag.py
[2022-09-17T13:56:51.934+0000] {logging_mixin.py:115} INFO - [2022-09-17T13:56:51.933+0000] {dag.py:2429} INFO - Sync 1 DAGs
[2022-09-17T13:56:51.973+0000] {processor.py:161} INFO - Processing /opt/airflow/dags/data_ingestion_gcs_dag.py took 1.005 seconds
[2022-09-17T13:57:22.059+0000] {processor.py:153} INFO - Started process (PID=175) to work on /opt/airflow/dags/data_ingestion_gcs_dag.py
[2022-09-17T13:57:22.061+0000] {processor.py:640} INFO - Processing file /opt/airflow/dags/data_ingestion_gcs_dag.py for tasks to queue
[2022-09-17T13:57:22.062+0000] {logging_mixin.py:115} INFO - [2022-09-17T13:57:22.062+0000] {dagbag.py:508} INFO - Filling up the DagBag from /opt/airflow/dags/data_ingestion_gcs_dag.py
[2022-09-17T13:57:22.911+0000] {processor.py:650} INFO - DAG(s) dict_keys(['data_ingestion_gcs_dag']) retrieved from /opt/airflow/dags/data_ingestion_gcs_dag.py
[2022-09-17T13:57:22.936+0000] {logging_mixin.py:115} INFO - [2022-09-17T13:57:22.935+0000] {dag.py:2429} INFO - Sync 1 DAGs
[2022-09-17T13:57:22.971+0000] {processor.py:161} INFO - Processing /opt/airflow/dags/data_ingestion_gcs_dag.py took 0.916 seconds
[2022-09-17T13:57:53.091+0000] {processor.py:153} INFO - Started process (PID=203) to work on /opt/airflow/dags/data_ingestion_gcs_dag.py
[2022-09-17T13:57:53.093+0000] {processor.py:640} INFO - Processing file /opt/airflow/dags/data_ingestion_gcs_dag.py for tasks to queue
[2022-09-17T13:57:53.094+0000] {logging_mixin.py:115} INFO - [2022-09-17T13:57:53.094+0000] {dagbag.py:508} INFO - Filling up the DagBag from /opt/airflow/dags/data_ingestion_gcs_dag.py
[2022-09-17T13:57:53.957+0000] {processor.py:650} INFO - DAG(s) dict_keys(['data_ingestion_gcs_dag']) retrieved from /opt/airflow/dags/data_ingestion_gcs_dag.py
[2022-09-17T13:57:53.982+0000] {logging_mixin.py:115} INFO - [2022-09-17T13:57:53.982+0000] {dag.py:2429} INFO - Sync 1 DAGs
[2022-09-17T13:57:54.016+0000] {processor.py:161} INFO - Processing /opt/airflow/dags/data_ingestion_gcs_dag.py took 0.928 seconds
[2022-09-17T17:35:20.780+0000] {processor.py:153} INFO - Started process (PID=49) to work on /opt/airflow/dags/data_ingestion_gcs_dag.py
[2022-09-17T17:35:20.782+0000] {processor.py:640} INFO - Processing file /opt/airflow/dags/data_ingestion_gcs_dag.py for tasks to queue
[2022-09-17T17:35:20.784+0000] {logging_mixin.py:115} INFO - [2022-09-17T17:35:20.784+0000] {dagbag.py:508} INFO - Filling up the DagBag from /opt/airflow/dags/data_ingestion_gcs_dag.py
[2022-09-17T17:35:22.393+0000] {processor.py:650} INFO - DAG(s) dict_keys(['data_ingestion_gcs_dag']) retrieved from /opt/airflow/dags/data_ingestion_gcs_dag.py
[2022-09-17T17:35:22.435+0000] {logging_mixin.py:115} INFO - [2022-09-17T17:35:22.434+0000] {dag.py:2429} INFO - Sync 1 DAGs
[2022-09-17T17:35:22.525+0000] {processor.py:161} INFO - Processing /opt/airflow/dags/data_ingestion_gcs_dag.py took 1.750 seconds
[2022-09-17T17:35:52.649+0000] {processor.py:153} INFO - Started process (PID=79) to work on /opt/airflow/dags/data_ingestion_gcs_dag.py
[2022-09-17T17:35:52.651+0000] {processor.py:640} INFO - Processing file /opt/airflow/dags/data_ingestion_gcs_dag.py for tasks to queue
[2022-09-17T17:35:52.652+0000] {logging_mixin.py:115} INFO - [2022-09-17T17:35:52.652+0000] {dagbag.py:508} INFO - Filling up the DagBag from /opt/airflow/dags/data_ingestion_gcs_dag.py
[2022-09-17T17:35:53.662+0000] {processor.py:650} INFO - DAG(s) dict_keys(['data_ingestion_gcs_dag']) retrieved from /opt/airflow/dags/data_ingestion_gcs_dag.py
[2022-09-17T17:35:53.687+0000] {logging_mixin.py:115} INFO - [2022-09-17T17:35:53.687+0000] {dag.py:2429} INFO - Sync 1 DAGs
[2022-09-17T17:35:53.724+0000] {processor.py:161} INFO - Processing /opt/airflow/dags/data_ingestion_gcs_dag.py took 1.079 seconds
[2022-09-17T19:31:26.623+0000] {processor.py:153} INFO - Started process (PID=49) to work on /opt/airflow/dags/data_ingestion_gcs_dag.py
[2022-09-17T19:31:26.625+0000] {processor.py:640} INFO - Processing file /opt/airflow/dags/data_ingestion_gcs_dag.py for tasks to queue
[2022-09-17T19:31:26.627+0000] {logging_mixin.py:115} INFO - [2022-09-17T19:31:26.627+0000] {dagbag.py:508} INFO - Filling up the DagBag from /opt/airflow/dags/data_ingestion_gcs_dag.py
[2022-09-17T19:31:27.707+0000] {logging_mixin.py:115} INFO - [2022-09-17T19:31:27.704+0000] {dagbag.py:321} ERROR - Failed to import: /opt/airflow/dags/data_ingestion_gcs_dag.py
Traceback (most recent call last):
  File "/home/airflow/.local/lib/python3.7/site-packages/airflow/models/dagbag.py", line 318, in parse
    loader.exec_module(new_module)
  File "<frozen importlib._bootstrap_external>", line 728, in exec_module
  File "<frozen importlib._bootstrap>", line 219, in _call_with_frames_removed
  File "/opt/airflow/dags/data_ingestion_gcs_dag.py", line 15, in <module>
    import gdown
ModuleNotFoundError: No module named 'gdown'
[2022-09-17T19:31:27.711+0000] {processor.py:652} WARNING - No viable dags retrieved from /opt/airflow/dags/data_ingestion_gcs_dag.py
[2022-09-17T19:31:27.741+0000] {processor.py:161} INFO - Processing /opt/airflow/dags/data_ingestion_gcs_dag.py took 1.124 seconds
[2022-09-17T19:31:57.838+0000] {processor.py:153} INFO - Started process (PID=78) to work on /opt/airflow/dags/data_ingestion_gcs_dag.py
[2022-09-17T19:31:57.841+0000] {processor.py:640} INFO - Processing file /opt/airflow/dags/data_ingestion_gcs_dag.py for tasks to queue
[2022-09-17T19:31:57.843+0000] {logging_mixin.py:115} INFO - [2022-09-17T19:31:57.843+0000] {dagbag.py:508} INFO - Filling up the DagBag from /opt/airflow/dags/data_ingestion_gcs_dag.py
[2022-09-17T19:31:58.738+0000] {logging_mixin.py:115} INFO - [2022-09-17T19:31:58.735+0000] {dagbag.py:321} ERROR - Failed to import: /opt/airflow/dags/data_ingestion_gcs_dag.py
Traceback (most recent call last):
  File "/home/airflow/.local/lib/python3.7/site-packages/airflow/models/dagbag.py", line 318, in parse
    loader.exec_module(new_module)
  File "<frozen importlib._bootstrap_external>", line 728, in exec_module
  File "<frozen importlib._bootstrap>", line 219, in _call_with_frames_removed
  File "/opt/airflow/dags/data_ingestion_gcs_dag.py", line 15, in <module>
    import gdown
ModuleNotFoundError: No module named 'gdown'
[2022-09-17T19:31:58.740+0000] {processor.py:652} WARNING - No viable dags retrieved from /opt/airflow/dags/data_ingestion_gcs_dag.py
[2022-09-17T19:31:58.766+0000] {processor.py:161} INFO - Processing /opt/airflow/dags/data_ingestion_gcs_dag.py took 0.933 seconds
[2022-09-17T19:32:07.735+0000] {processor.py:153} INFO - Started process (PID=89) to work on /opt/airflow/dags/data_ingestion_gcs_dag.py
[2022-09-17T19:32:07.736+0000] {processor.py:640} INFO - Processing file /opt/airflow/dags/data_ingestion_gcs_dag.py for tasks to queue
[2022-09-17T19:32:07.738+0000] {logging_mixin.py:115} INFO - [2022-09-17T19:32:07.738+0000] {dagbag.py:508} INFO - Filling up the DagBag from /opt/airflow/dags/data_ingestion_gcs_dag.py
[2022-09-17T19:32:08.514+0000] {logging_mixin.py:115} INFO - [2022-09-17T19:32:08.511+0000] {dagbag.py:321} ERROR - Failed to import: /opt/airflow/dags/data_ingestion_gcs_dag.py
Traceback (most recent call last):
  File "/home/airflow/.local/lib/python3.7/site-packages/airflow/models/dagbag.py", line 318, in parse
    loader.exec_module(new_module)
  File "<frozen importlib._bootstrap_external>", line 728, in exec_module
  File "<frozen importlib._bootstrap>", line 219, in _call_with_frames_removed
  File "/opt/airflow/dags/data_ingestion_gcs_dag.py", line 106, in <module>
    "sourceUris": [f"gs://{BUCKET}/raw/{parquet_file}"],
NameError: name 'parquet_file' is not defined
[2022-09-17T19:32:08.517+0000] {processor.py:652} WARNING - No viable dags retrieved from /opt/airflow/dags/data_ingestion_gcs_dag.py
[2022-09-17T19:32:08.548+0000] {processor.py:161} INFO - Processing /opt/airflow/dags/data_ingestion_gcs_dag.py took 0.817 seconds
[2022-09-17T19:32:37.667+0000] {processor.py:153} INFO - Started process (PID=112) to work on /opt/airflow/dags/data_ingestion_gcs_dag.py
[2022-09-17T19:32:37.669+0000] {processor.py:640} INFO - Processing file /opt/airflow/dags/data_ingestion_gcs_dag.py for tasks to queue
[2022-09-17T19:32:37.672+0000] {logging_mixin.py:115} INFO - [2022-09-17T19:32:37.671+0000] {dagbag.py:508} INFO - Filling up the DagBag from /opt/airflow/dags/data_ingestion_gcs_dag.py
[2022-09-17T19:32:38.441+0000] {processor.py:650} INFO - DAG(s) dict_keys(['data_ingestion_gcs_dag']) retrieved from /opt/airflow/dags/data_ingestion_gcs_dag.py
[2022-09-17T19:32:38.664+0000] {logging_mixin.py:115} INFO - [2022-09-17T19:32:38.664+0000] {dag.py:2429} INFO - Sync 1 DAGs
[2022-09-17T19:32:38.690+0000] {logging_mixin.py:115} INFO - [2022-09-17T19:32:38.690+0000] {dag.py:2981} INFO - Setting next_dagrun for data_ingestion_gcs_dag to 2022-09-17T00:00:00+00:00, run_after=2022-09-18T00:00:00+00:00
[2022-09-17T19:32:38.719+0000] {processor.py:161} INFO - Processing /opt/airflow/dags/data_ingestion_gcs_dag.py took 1.058 seconds
[2022-09-17T19:32:42.686+0000] {processor.py:153} INFO - Started process (PID=121) to work on /opt/airflow/dags/data_ingestion_gcs_dag.py
[2022-09-17T19:32:42.688+0000] {processor.py:640} INFO - Processing file /opt/airflow/dags/data_ingestion_gcs_dag.py for tasks to queue
[2022-09-17T19:32:42.691+0000] {logging_mixin.py:115} INFO - [2022-09-17T19:32:42.691+0000] {dagbag.py:508} INFO - Filling up the DagBag from /opt/airflow/dags/data_ingestion_gcs_dag.py
[2022-09-17T19:32:43.424+0000] {processor.py:650} INFO - DAG(s) dict_keys(['data_ingestion_gcs_dag']) retrieved from /opt/airflow/dags/data_ingestion_gcs_dag.py
[2022-09-17T19:32:43.443+0000] {logging_mixin.py:115} INFO - [2022-09-17T19:32:43.442+0000] {dag.py:2429} INFO - Sync 1 DAGs
[2022-09-17T19:32:43.607+0000] {logging_mixin.py:115} INFO - [2022-09-17T19:32:43.607+0000] {dag.py:2981} INFO - Setting next_dagrun for data_ingestion_gcs_dag to 2022-09-17T00:00:00+00:00, run_after=2022-09-18T00:00:00+00:00
[2022-09-17T19:32:43.624+0000] {processor.py:161} INFO - Processing /opt/airflow/dags/data_ingestion_gcs_dag.py took 0.965 seconds
[2022-09-17T19:33:14.226+0000] {processor.py:153} INFO - Started process (PID=150) to work on /opt/airflow/dags/data_ingestion_gcs_dag.py
[2022-09-17T19:33:14.229+0000] {processor.py:640} INFO - Processing file /opt/airflow/dags/data_ingestion_gcs_dag.py for tasks to queue
[2022-09-17T19:33:14.232+0000] {logging_mixin.py:115} INFO - [2022-09-17T19:33:14.232+0000] {dagbag.py:508} INFO - Filling up the DagBag from /opt/airflow/dags/data_ingestion_gcs_dag.py
[2022-09-17T19:33:15.122+0000] {processor.py:650} INFO - DAG(s) dict_keys(['data_ingestion_gcs_dag']) retrieved from /opt/airflow/dags/data_ingestion_gcs_dag.py
[2022-09-17T19:33:15.312+0000] {logging_mixin.py:115} INFO - [2022-09-17T19:33:15.311+0000] {dag.py:2429} INFO - Sync 1 DAGs
[2022-09-17T19:33:15.366+0000] {processor.py:161} INFO - Processing /opt/airflow/dags/data_ingestion_gcs_dag.py took 1.151 seconds
[2022-09-17T19:33:45.452+0000] {processor.py:153} INFO - Started process (PID=170) to work on /opt/airflow/dags/data_ingestion_gcs_dag.py
[2022-09-17T19:33:45.455+0000] {processor.py:640} INFO - Processing file /opt/airflow/dags/data_ingestion_gcs_dag.py for tasks to queue
[2022-09-17T19:33:45.457+0000] {logging_mixin.py:115} INFO - [2022-09-17T19:33:45.456+0000] {dagbag.py:508} INFO - Filling up the DagBag from /opt/airflow/dags/data_ingestion_gcs_dag.py
[2022-09-17T19:33:46.157+0000] {processor.py:650} INFO - DAG(s) dict_keys(['data_ingestion_gcs_dag']) retrieved from /opt/airflow/dags/data_ingestion_gcs_dag.py
[2022-09-17T19:33:46.368+0000] {logging_mixin.py:115} INFO - [2022-09-17T19:33:46.367+0000] {dag.py:2429} INFO - Sync 1 DAGs
[2022-09-17T19:33:46.397+0000] {logging_mixin.py:115} INFO - [2022-09-17T19:33:46.397+0000] {dag.py:2981} INFO - Setting next_dagrun for data_ingestion_gcs_dag to 2022-09-17T00:00:00+00:00, run_after=2022-09-18T00:00:00+00:00
[2022-09-17T19:33:46.412+0000] {processor.py:161} INFO - Processing /opt/airflow/dags/data_ingestion_gcs_dag.py took 0.965 seconds
[2022-09-17T19:34:16.539+0000] {processor.py:153} INFO - Started process (PID=199) to work on /opt/airflow/dags/data_ingestion_gcs_dag.py
[2022-09-17T19:34:16.542+0000] {processor.py:640} INFO - Processing file /opt/airflow/dags/data_ingestion_gcs_dag.py for tasks to queue
[2022-09-17T19:34:16.545+0000] {logging_mixin.py:115} INFO - [2022-09-17T19:34:16.545+0000] {dagbag.py:508} INFO - Filling up the DagBag from /opt/airflow/dags/data_ingestion_gcs_dag.py
[2022-09-17T19:34:17.370+0000] {processor.py:650} INFO - DAG(s) dict_keys(['data_ingestion_gcs_dag']) retrieved from /opt/airflow/dags/data_ingestion_gcs_dag.py
[2022-09-17T19:34:17.533+0000] {logging_mixin.py:115} INFO - [2022-09-17T19:34:17.532+0000] {dag.py:2429} INFO - Sync 1 DAGs
[2022-09-17T19:34:17.563+0000] {logging_mixin.py:115} INFO - [2022-09-17T19:34:17.562+0000] {dag.py:2981} INFO - Setting next_dagrun for data_ingestion_gcs_dag to 2022-09-17T00:00:00+00:00, run_after=2022-09-18T00:00:00+00:00
[2022-09-17T19:34:17.578+0000] {processor.py:161} INFO - Processing /opt/airflow/dags/data_ingestion_gcs_dag.py took 1.052 seconds
[2022-09-17T19:34:47.694+0000] {processor.py:153} INFO - Started process (PID=229) to work on /opt/airflow/dags/data_ingestion_gcs_dag.py
[2022-09-17T19:34:47.698+0000] {processor.py:640} INFO - Processing file /opt/airflow/dags/data_ingestion_gcs_dag.py for tasks to queue
[2022-09-17T19:34:47.700+0000] {logging_mixin.py:115} INFO - [2022-09-17T19:34:47.699+0000] {dagbag.py:508} INFO - Filling up the DagBag from /opt/airflow/dags/data_ingestion_gcs_dag.py
[2022-09-17T19:34:48.859+0000] {processor.py:650} INFO - DAG(s) dict_keys(['data_ingestion_gcs_dag']) retrieved from /opt/airflow/dags/data_ingestion_gcs_dag.py
[2022-09-17T19:34:49.094+0000] {logging_mixin.py:115} INFO - [2022-09-17T19:34:49.093+0000] {dag.py:2429} INFO - Sync 1 DAGs
[2022-09-17T19:34:49.131+0000] {logging_mixin.py:115} INFO - [2022-09-17T19:34:49.131+0000] {dag.py:2981} INFO - Setting next_dagrun for data_ingestion_gcs_dag to 2022-09-17T00:00:00+00:00, run_after=2022-09-18T00:00:00+00:00
[2022-09-17T19:34:49.147+0000] {processor.py:161} INFO - Processing /opt/airflow/dags/data_ingestion_gcs_dag.py took 1.457 seconds
[2022-09-17T19:35:19.306+0000] {processor.py:153} INFO - Started process (PID=249) to work on /opt/airflow/dags/data_ingestion_gcs_dag.py
[2022-09-17T19:35:19.308+0000] {processor.py:640} INFO - Processing file /opt/airflow/dags/data_ingestion_gcs_dag.py for tasks to queue
[2022-09-17T19:35:19.309+0000] {logging_mixin.py:115} INFO - [2022-09-17T19:35:19.309+0000] {dagbag.py:508} INFO - Filling up the DagBag from /opt/airflow/dags/data_ingestion_gcs_dag.py
[2022-09-17T19:35:20.008+0000] {processor.py:650} INFO - DAG(s) dict_keys(['data_ingestion_gcs_dag']) retrieved from /opt/airflow/dags/data_ingestion_gcs_dag.py
[2022-09-17T19:35:20.161+0000] {logging_mixin.py:115} INFO - [2022-09-17T19:35:20.161+0000] {dag.py:2429} INFO - Sync 1 DAGs
[2022-09-17T19:35:20.189+0000] {logging_mixin.py:115} INFO - [2022-09-17T19:35:20.189+0000] {dag.py:2981} INFO - Setting next_dagrun for data_ingestion_gcs_dag to 2022-09-17T00:00:00+00:00, run_after=2022-09-18T00:00:00+00:00
[2022-09-17T19:35:20.204+0000] {processor.py:161} INFO - Processing /opt/airflow/dags/data_ingestion_gcs_dag.py took 0.902 seconds
[2022-09-17T19:35:50.302+0000] {processor.py:153} INFO - Started process (PID=278) to work on /opt/airflow/dags/data_ingestion_gcs_dag.py
[2022-09-17T19:35:50.303+0000] {processor.py:640} INFO - Processing file /opt/airflow/dags/data_ingestion_gcs_dag.py for tasks to queue
[2022-09-17T19:35:50.305+0000] {logging_mixin.py:115} INFO - [2022-09-17T19:35:50.304+0000] {dagbag.py:508} INFO - Filling up the DagBag from /opt/airflow/dags/data_ingestion_gcs_dag.py
[2022-09-17T19:35:50.985+0000] {processor.py:650} INFO - DAG(s) dict_keys(['data_ingestion_gcs_dag']) retrieved from /opt/airflow/dags/data_ingestion_gcs_dag.py
[2022-09-17T19:35:51.141+0000] {logging_mixin.py:115} INFO - [2022-09-17T19:35:51.141+0000] {dag.py:2429} INFO - Sync 1 DAGs
[2022-09-17T19:35:51.169+0000] {logging_mixin.py:115} INFO - [2022-09-17T19:35:51.169+0000] {dag.py:2981} INFO - Setting next_dagrun for data_ingestion_gcs_dag to 2022-09-17T00:00:00+00:00, run_after=2022-09-18T00:00:00+00:00
[2022-09-17T19:35:51.257+0000] {processor.py:161} INFO - Processing /opt/airflow/dags/data_ingestion_gcs_dag.py took 0.960 seconds
[2022-09-17T19:36:21.360+0000] {processor.py:153} INFO - Started process (PID=309) to work on /opt/airflow/dags/data_ingestion_gcs_dag.py
[2022-09-17T19:36:21.362+0000] {processor.py:640} INFO - Processing file /opt/airflow/dags/data_ingestion_gcs_dag.py for tasks to queue
[2022-09-17T19:36:21.364+0000] {logging_mixin.py:115} INFO - [2022-09-17T19:36:21.364+0000] {dagbag.py:508} INFO - Filling up the DagBag from /opt/airflow/dags/data_ingestion_gcs_dag.py
[2022-09-17T19:36:22.025+0000] {processor.py:650} INFO - DAG(s) dict_keys(['data_ingestion_gcs_dag']) retrieved from /opt/airflow/dags/data_ingestion_gcs_dag.py
[2022-09-17T19:36:22.177+0000] {logging_mixin.py:115} INFO - [2022-09-17T19:36:22.176+0000] {dag.py:2429} INFO - Sync 1 DAGs
[2022-09-17T19:36:22.229+0000] {logging_mixin.py:115} INFO - [2022-09-17T19:36:22.228+0000] {dag.py:2981} INFO - Setting next_dagrun for data_ingestion_gcs_dag to 2022-09-17T00:00:00+00:00, run_after=2022-09-18T00:00:00+00:00
[2022-09-17T19:36:22.306+0000] {processor.py:161} INFO - Processing /opt/airflow/dags/data_ingestion_gcs_dag.py took 0.950 seconds
[2022-09-17T19:36:52.478+0000] {processor.py:153} INFO - Started process (PID=329) to work on /opt/airflow/dags/data_ingestion_gcs_dag.py
[2022-09-17T19:36:52.479+0000] {processor.py:640} INFO - Processing file /opt/airflow/dags/data_ingestion_gcs_dag.py for tasks to queue
[2022-09-17T19:36:52.480+0000] {logging_mixin.py:115} INFO - [2022-09-17T19:36:52.480+0000] {dagbag.py:508} INFO - Filling up the DagBag from /opt/airflow/dags/data_ingestion_gcs_dag.py
[2022-09-17T19:36:53.112+0000] {processor.py:650} INFO - DAG(s) dict_keys(['data_ingestion_gcs_dag']) retrieved from /opt/airflow/dags/data_ingestion_gcs_dag.py
[2022-09-17T19:36:53.268+0000] {logging_mixin.py:115} INFO - [2022-09-17T19:36:53.267+0000] {dag.py:2429} INFO - Sync 1 DAGs
[2022-09-17T19:36:53.293+0000] {logging_mixin.py:115} INFO - [2022-09-17T19:36:53.293+0000] {dag.py:2981} INFO - Setting next_dagrun for data_ingestion_gcs_dag to 2022-09-17T00:00:00+00:00, run_after=2022-09-18T00:00:00+00:00
[2022-09-17T19:36:53.308+0000] {processor.py:161} INFO - Processing /opt/airflow/dags/data_ingestion_gcs_dag.py took 0.835 seconds
[2022-09-17T19:37:23.435+0000] {processor.py:153} INFO - Started process (PID=357) to work on /opt/airflow/dags/data_ingestion_gcs_dag.py
[2022-09-17T19:37:23.437+0000] {processor.py:640} INFO - Processing file /opt/airflow/dags/data_ingestion_gcs_dag.py for tasks to queue
[2022-09-17T19:37:23.439+0000] {logging_mixin.py:115} INFO - [2022-09-17T19:37:23.438+0000] {dagbag.py:508} INFO - Filling up the DagBag from /opt/airflow/dags/data_ingestion_gcs_dag.py
[2022-09-17T19:37:24.079+0000] {processor.py:650} INFO - DAG(s) dict_keys(['data_ingestion_gcs_dag']) retrieved from /opt/airflow/dags/data_ingestion_gcs_dag.py
[2022-09-17T19:37:24.226+0000] {logging_mixin.py:115} INFO - [2022-09-17T19:37:24.225+0000] {dag.py:2429} INFO - Sync 1 DAGs
[2022-09-17T19:37:24.251+0000] {logging_mixin.py:115} INFO - [2022-09-17T19:37:24.250+0000] {dag.py:2981} INFO - Setting next_dagrun for data_ingestion_gcs_dag to 2022-09-17T00:00:00+00:00, run_after=2022-09-18T00:00:00+00:00
[2022-09-17T19:37:24.265+0000] {processor.py:161} INFO - Processing /opt/airflow/dags/data_ingestion_gcs_dag.py took 0.834 seconds
[2022-09-17T19:37:54.445+0000] {processor.py:153} INFO - Started process (PID=387) to work on /opt/airflow/dags/data_ingestion_gcs_dag.py
[2022-09-17T19:37:54.447+0000] {processor.py:640} INFO - Processing file /opt/airflow/dags/data_ingestion_gcs_dag.py for tasks to queue
[2022-09-17T19:37:54.450+0000] {logging_mixin.py:115} INFO - [2022-09-17T19:37:54.450+0000] {dagbag.py:508} INFO - Filling up the DagBag from /opt/airflow/dags/data_ingestion_gcs_dag.py
[2022-09-17T19:37:55.512+0000] {processor.py:650} INFO - DAG(s) dict_keys(['data_ingestion_gcs_dag']) retrieved from /opt/airflow/dags/data_ingestion_gcs_dag.py
[2022-09-17T19:37:55.707+0000] {logging_mixin.py:115} INFO - [2022-09-17T19:37:55.707+0000] {dag.py:2429} INFO - Sync 1 DAGs
[2022-09-17T19:37:55.763+0000] {logging_mixin.py:115} INFO - [2022-09-17T19:37:55.763+0000] {dag.py:2981} INFO - Setting next_dagrun for data_ingestion_gcs_dag to 2022-09-17T00:00:00+00:00, run_after=2022-09-18T00:00:00+00:00
[2022-09-17T19:37:55.785+0000] {processor.py:161} INFO - Processing /opt/airflow/dags/data_ingestion_gcs_dag.py took 1.345 seconds
[2022-09-17T19:38:25.893+0000] {processor.py:153} INFO - Started process (PID=407) to work on /opt/airflow/dags/data_ingestion_gcs_dag.py
[2022-09-17T19:38:25.894+0000] {processor.py:640} INFO - Processing file /opt/airflow/dags/data_ingestion_gcs_dag.py for tasks to queue
[2022-09-17T19:38:25.896+0000] {logging_mixin.py:115} INFO - [2022-09-17T19:38:25.896+0000] {dagbag.py:508} INFO - Filling up the DagBag from /opt/airflow/dags/data_ingestion_gcs_dag.py
[2022-09-17T19:38:26.547+0000] {processor.py:650} INFO - DAG(s) dict_keys(['data_ingestion_gcs_dag']) retrieved from /opt/airflow/dags/data_ingestion_gcs_dag.py
[2022-09-17T19:38:26.694+0000] {logging_mixin.py:115} INFO - [2022-09-17T19:38:26.693+0000] {dag.py:2429} INFO - Sync 1 DAGs
[2022-09-17T19:38:26.719+0000] {logging_mixin.py:115} INFO - [2022-09-17T19:38:26.718+0000] {dag.py:2981} INFO - Setting next_dagrun for data_ingestion_gcs_dag to 2022-09-17T00:00:00+00:00, run_after=2022-09-18T00:00:00+00:00
[2022-09-17T19:38:26.734+0000] {processor.py:161} INFO - Processing /opt/airflow/dags/data_ingestion_gcs_dag.py took 0.846 seconds
[2022-09-17T19:38:56.826+0000] {processor.py:153} INFO - Started process (PID=437) to work on /opt/airflow/dags/data_ingestion_gcs_dag.py
[2022-09-17T19:38:56.827+0000] {processor.py:640} INFO - Processing file /opt/airflow/dags/data_ingestion_gcs_dag.py for tasks to queue
[2022-09-17T19:38:56.829+0000] {logging_mixin.py:115} INFO - [2022-09-17T19:38:56.829+0000] {dagbag.py:508} INFO - Filling up the DagBag from /opt/airflow/dags/data_ingestion_gcs_dag.py
[2022-09-17T19:38:57.477+0000] {processor.py:650} INFO - DAG(s) dict_keys(['data_ingestion_gcs_dag']) retrieved from /opt/airflow/dags/data_ingestion_gcs_dag.py
[2022-09-17T19:38:57.632+0000] {logging_mixin.py:115} INFO - [2022-09-17T19:38:57.631+0000] {dag.py:2429} INFO - Sync 1 DAGs
[2022-09-17T19:38:57.658+0000] {logging_mixin.py:115} INFO - [2022-09-17T19:38:57.658+0000] {dag.py:2981} INFO - Setting next_dagrun for data_ingestion_gcs_dag to 2022-09-17T00:00:00+00:00, run_after=2022-09-18T00:00:00+00:00
[2022-09-17T19:38:57.671+0000] {processor.py:161} INFO - Processing /opt/airflow/dags/data_ingestion_gcs_dag.py took 0.850 seconds
[2022-09-17T19:39:27.785+0000] {processor.py:153} INFO - Started process (PID=466) to work on /opt/airflow/dags/data_ingestion_gcs_dag.py
[2022-09-17T19:39:27.787+0000] {processor.py:640} INFO - Processing file /opt/airflow/dags/data_ingestion_gcs_dag.py for tasks to queue
[2022-09-17T19:39:27.788+0000] {logging_mixin.py:115} INFO - [2022-09-17T19:39:27.788+0000] {dagbag.py:508} INFO - Filling up the DagBag from /opt/airflow/dags/data_ingestion_gcs_dag.py
[2022-09-17T19:39:28.434+0000] {processor.py:650} INFO - DAG(s) dict_keys(['data_ingestion_gcs_dag']) retrieved from /opt/airflow/dags/data_ingestion_gcs_dag.py
[2022-09-17T19:39:28.585+0000] {logging_mixin.py:115} INFO - [2022-09-17T19:39:28.584+0000] {dag.py:2429} INFO - Sync 1 DAGs
[2022-09-17T19:39:28.610+0000] {logging_mixin.py:115} INFO - [2022-09-17T19:39:28.610+0000] {dag.py:2981} INFO - Setting next_dagrun for data_ingestion_gcs_dag to 2022-09-17T00:00:00+00:00, run_after=2022-09-18T00:00:00+00:00
[2022-09-17T19:39:28.624+0000] {processor.py:161} INFO - Processing /opt/airflow/dags/data_ingestion_gcs_dag.py took 0.844 seconds
[2022-09-17T19:39:58.726+0000] {processor.py:153} INFO - Started process (PID=486) to work on /opt/airflow/dags/data_ingestion_gcs_dag.py
[2022-09-17T19:39:58.728+0000] {processor.py:640} INFO - Processing file /opt/airflow/dags/data_ingestion_gcs_dag.py for tasks to queue
[2022-09-17T19:39:58.729+0000] {logging_mixin.py:115} INFO - [2022-09-17T19:39:58.729+0000] {dagbag.py:508} INFO - Filling up the DagBag from /opt/airflow/dags/data_ingestion_gcs_dag.py
[2022-09-17T19:39:59.419+0000] {processor.py:650} INFO - DAG(s) dict_keys(['data_ingestion_gcs_dag']) retrieved from /opt/airflow/dags/data_ingestion_gcs_dag.py
[2022-09-17T19:39:59.563+0000] {logging_mixin.py:115} INFO - [2022-09-17T19:39:59.562+0000] {dag.py:2429} INFO - Sync 1 DAGs
[2022-09-17T19:39:59.588+0000] {logging_mixin.py:115} INFO - [2022-09-17T19:39:59.588+0000] {dag.py:2981} INFO - Setting next_dagrun for data_ingestion_gcs_dag to 2022-09-17T00:00:00+00:00, run_after=2022-09-18T00:00:00+00:00
[2022-09-17T19:39:59.605+0000] {processor.py:161} INFO - Processing /opt/airflow/dags/data_ingestion_gcs_dag.py took 0.883 seconds
[2022-09-17T19:40:29.715+0000] {processor.py:153} INFO - Started process (PID=515) to work on /opt/airflow/dags/data_ingestion_gcs_dag.py
[2022-09-17T19:40:29.717+0000] {processor.py:640} INFO - Processing file /opt/airflow/dags/data_ingestion_gcs_dag.py for tasks to queue
[2022-09-17T19:40:29.719+0000] {logging_mixin.py:115} INFO - [2022-09-17T19:40:29.718+0000] {dagbag.py:508} INFO - Filling up the DagBag from /opt/airflow/dags/data_ingestion_gcs_dag.py
[2022-09-17T19:40:30.385+0000] {processor.py:650} INFO - DAG(s) dict_keys(['data_ingestion_gcs_dag']) retrieved from /opt/airflow/dags/data_ingestion_gcs_dag.py
[2022-09-17T19:40:30.536+0000] {logging_mixin.py:115} INFO - [2022-09-17T19:40:30.536+0000] {dag.py:2429} INFO - Sync 1 DAGs
[2022-09-17T19:40:30.562+0000] {logging_mixin.py:115} INFO - [2022-09-17T19:40:30.562+0000] {dag.py:2981} INFO - Setting next_dagrun for data_ingestion_gcs_dag to 2022-09-17T00:00:00+00:00, run_after=2022-09-18T00:00:00+00:00
[2022-09-17T19:40:30.575+0000] {processor.py:161} INFO - Processing /opt/airflow/dags/data_ingestion_gcs_dag.py took 0.866 seconds
[2022-09-17T19:41:00.678+0000] {processor.py:153} INFO - Started process (PID=545) to work on /opt/airflow/dags/data_ingestion_gcs_dag.py
[2022-09-17T19:41:00.681+0000] {processor.py:640} INFO - Processing file /opt/airflow/dags/data_ingestion_gcs_dag.py for tasks to queue
[2022-09-17T19:41:00.682+0000] {logging_mixin.py:115} INFO - [2022-09-17T19:41:00.682+0000] {dagbag.py:508} INFO - Filling up the DagBag from /opt/airflow/dags/data_ingestion_gcs_dag.py
[2022-09-17T19:41:01.839+0000] {processor.py:650} INFO - DAG(s) dict_keys(['data_ingestion_gcs_dag']) retrieved from /opt/airflow/dags/data_ingestion_gcs_dag.py
[2022-09-17T19:41:02.089+0000] {logging_mixin.py:115} INFO - [2022-09-17T19:41:02.089+0000] {dag.py:2429} INFO - Sync 1 DAGs
[2022-09-17T19:41:02.114+0000] {logging_mixin.py:115} INFO - [2022-09-17T19:41:02.113+0000] {dag.py:2981} INFO - Setting next_dagrun for data_ingestion_gcs_dag to 2022-09-17T00:00:00+00:00, run_after=2022-09-18T00:00:00+00:00
[2022-09-17T19:41:02.126+0000] {processor.py:161} INFO - Processing /opt/airflow/dags/data_ingestion_gcs_dag.py took 1.453 seconds
