[2022-09-17T19:33:21.850+0000] {taskinstance.py:1171} INFO - Dependencies all met for <TaskInstance: data_ingestion_gcs_dag.local_to_gcs_task manual__2022-09-17T19:33:07.629274+00:00 [queued]>
[2022-09-17T19:33:21.865+0000] {taskinstance.py:1171} INFO - Dependencies all met for <TaskInstance: data_ingestion_gcs_dag.local_to_gcs_task manual__2022-09-17T19:33:07.629274+00:00 [queued]>
[2022-09-17T19:33:21.867+0000] {taskinstance.py:1368} INFO - 
--------------------------------------------------------------------------------
[2022-09-17T19:33:21.868+0000] {taskinstance.py:1369} INFO - Starting attempt 1 of 2
[2022-09-17T19:33:21.869+0000] {taskinstance.py:1370} INFO - 
--------------------------------------------------------------------------------
[2022-09-17T19:33:21.897+0000] {taskinstance.py:1389} INFO - Executing <Task(PythonOperator): local_to_gcs_task> on 2022-09-17 19:33:07.629274+00:00
[2022-09-17T19:33:21.910+0000] {standard_task_runner.py:52} INFO - Started process 163 to run task
[2022-09-17T19:33:21.915+0000] {standard_task_runner.py:79} INFO - Running: ['***', 'tasks', 'run', 'data_ingestion_gcs_dag', 'local_to_gcs_task', 'manual__2022-09-17T19:33:07.629274+00:00', '--job-id', '75', '--raw', '--subdir', 'DAGS_FOLDER/data_ingestion_gcs_dag.py', '--cfg-path', '/tmp/tmpx3ddav91', '--error-file', '/tmp/tmp9z4fznxt']
[2022-09-17T19:33:21.918+0000] {standard_task_runner.py:80} INFO - Job 75: Subtask local_to_gcs_task
[2022-09-17T19:33:22.006+0000] {task_command.py:371} INFO - Running <TaskInstance: data_ingestion_gcs_dag.local_to_gcs_task manual__2022-09-17T19:33:07.629274+00:00 [running]> on host 1aa5ba7d981c
[2022-09-17T19:33:22.102+0000] {taskinstance.py:1583} INFO - Exporting the following env vars:
AIRFLOW_CTX_DAG_OWNER=***
AIRFLOW_CTX_DAG_ID=data_ingestion_gcs_dag
AIRFLOW_CTX_TASK_ID=local_to_gcs_task
AIRFLOW_CTX_EXECUTION_DATE=2022-09-17T19:33:07.629274+00:00
AIRFLOW_CTX_TRY_NUMBER=1
AIRFLOW_CTX_DAG_RUN_ID=manual__2022-09-17T19:33:07.629274+00:00
[2022-09-17T19:33:41.713+0000] {python.py:173} INFO - Done. Returned value was: None
[2022-09-17T19:33:41.730+0000] {taskinstance.py:1412} INFO - Marking task as SUCCESS. dag_id=data_ingestion_gcs_dag, task_id=local_to_gcs_task, execution_date=20220917T193307, start_date=20220917T193321, end_date=20220917T193341
[2022-09-17T19:33:41.775+0000] {local_task_job.py:156} INFO - Task exited with return code 0
[2022-09-17T19:33:41.812+0000] {local_task_job.py:279} INFO - 1 downstream tasks scheduled from follow-on schedule check
