[2022-09-16T22:58:41.613+0000] {taskinstance.py:1171} INFO - Dependencies all met for <TaskInstance: data_ingestion_gcs_dag.download_Dataset_task manual__2022-09-16T22:58:39.325984+00:00 [queued]>
[2022-09-16T22:58:41.626+0000] {taskinstance.py:1171} INFO - Dependencies all met for <TaskInstance: data_ingestion_gcs_dag.download_Dataset_task manual__2022-09-16T22:58:39.325984+00:00 [queued]>
[2022-09-16T22:58:41.627+0000] {taskinstance.py:1368} INFO - 
--------------------------------------------------------------------------------
[2022-09-16T22:58:41.628+0000] {taskinstance.py:1369} INFO - Starting attempt 1 of 2
[2022-09-16T22:58:41.629+0000] {taskinstance.py:1370} INFO - 
--------------------------------------------------------------------------------
[2022-09-16T22:58:41.650+0000] {taskinstance.py:1389} INFO - Executing <Task(BashOperator): download_Dataset_task> on 2022-09-16 22:58:39.325984+00:00
[2022-09-16T22:58:41.657+0000] {standard_task_runner.py:52} INFO - Started process 102 to run task
[2022-09-16T22:58:41.665+0000] {standard_task_runner.py:79} INFO - Running: ['***', 'tasks', 'run', 'data_ingestion_gcs_dag', 'download_Dataset_task', 'manual__2022-09-16T22:58:39.325984+00:00', '--job-id', '22', '--raw', '--subdir', 'DAGS_FOLDER/data_ingestion_gcs_dag.py', '--cfg-path', '/tmp/tmpczblsi4j', '--error-file', '/tmp/tmpgb3z0u42']
[2022-09-16T22:58:41.667+0000] {standard_task_runner.py:80} INFO - Job 22: Subtask download_Dataset_task
[2022-09-16T22:58:41.755+0000] {task_command.py:371} INFO - Running <TaskInstance: data_ingestion_gcs_dag.download_Dataset_task manual__2022-09-16T22:58:39.325984+00:00 [running]> on host 7c18f25589bd
[2022-09-16T22:58:41.848+0000] {taskinstance.py:1583} INFO - Exporting the following env vars:
AIRFLOW_CTX_DAG_OWNER=***
AIRFLOW_CTX_DAG_ID=data_ingestion_gcs_dag
AIRFLOW_CTX_TASK_ID=download_Dataset_task
AIRFLOW_CTX_EXECUTION_DATE=2022-09-16T22:58:39.325984+00:00
AIRFLOW_CTX_TRY_NUMBER=1
AIRFLOW_CTX_DAG_RUN_ID=manual__2022-09-16T22:58:39.325984+00:00
[2022-09-16T22:58:41.852+0000] {subprocess.py:62} INFO - Tmp dir root location: 
 /tmp
[2022-09-16T22:58:41.854+0000] {subprocess.py:74} INFO - Running command: ['/bin/bash', '-c', 'curl -sSL https://s3.amazonaws.com/nyc-tlc/trip+data/yellow_tripdata_2021-01.csv > /opt/***/yellow_tripdata_2021-01.csv']
[2022-09-16T22:58:41.873+0000] {subprocess.py:85} INFO - Output:
[2022-09-16T22:58:42.724+0000] {subprocess.py:96} INFO - Command exited with return code 0
[2022-09-16T22:58:42.760+0000] {taskinstance.py:1412} INFO - Marking task as SUCCESS. dag_id=data_ingestion_gcs_dag, task_id=download_Dataset_task, execution_date=20220916T225839, start_date=20220916T225841, end_date=20220916T225842
[2022-09-16T22:58:42.806+0000] {local_task_job.py:156} INFO - Task exited with return code 0
[2022-09-16T22:58:42.858+0000] {local_task_job.py:279} INFO - 1 downstream tasks scheduled from follow-on schedule check
